
****** Vivado(TM) HLS - High-Level Synthesis from C, C++ and SystemC v2019.1.3 (64-bit)
  **** SW Build 2644227 on Wed Sep  4 09:44:18 MDT 2019
  **** IP Build 2633630 on Wed Sep  4 12:30:14 MDT 2019
    ** Copyright 1986-2019 Xilinx, Inc. All Rights Reserved.

source /opt/Xilinx/Vivado/2019.1/scripts/vivado_hls/hls.tcl -notrace
INFO: [HLS 200-10] Running '/opt/Xilinx/Vivado/2019.1/bin/unwrapped/lnx64.o/vivado_hls'
INFO: [HLS 200-10] For user 'tarafdar' on host 'localhost' (Linux_x86_64 version 4.4.0-159-generic) on Fri Jun 05 15:57:59 UTC 2020
INFO: [HLS 200-10] On os Ubuntu 16.04.6 LTS
INFO: [HLS 200-10] In directory '/home/tarafdar/workDir/reproducability/AIgean/examples/resnet50/ips/layer28'
Sourcing Tcl script './synth.tcl'
INFO: [HLS 200-10] Creating and opening project '/home/tarafdar/workDir/reproducability/galapagos/userIP/hls_projects/resnet_layer28'.
INFO: [HLS 200-10] Creating and opening solution '/home/tarafdar/workDir/reproducability/galapagos/userIP/hls_projects/resnet_layer28/solution1'.
WARNING: [HLS 200-483] The 'config_rtl -prefix' command is deprecated and will be removed in a future release. Use 'config_rtl -module_prefix' as its replacement.
INFO: [HLS 200-10] Setting target device to 'xczu19eg-ffvc1760-2-i'
INFO: [HLS 200-10] Adding design file '/home/tarafdar/workDir/reproducability/AIgean/examples/resnet50/ips/layer28/../srcs/conv_2d_large_cl_1x1.cpp' to the project
INFO: [SYN 201-201] Setting up clock 'default' with a period of 4ns.
INFO: [SCHED 204-61] Option 'relax_ii_for_timing' is enabled, will increase II to preserve clock frequency constraints.
INFO: [HLS 200-10] Analyzing design file '/home/tarafdar/workDir/reproducability/AIgean/examples/resnet50/ips/layer28/../srcs/conv_2d_large_cl_1x1.cpp' ... 
WARNING: [HLS 214-114] Since the only kind of statements allowed in a dataflow region are variable declarations and function calls, the compiler may not be able to correctly handle the region: /home/tarafdar/workDir/reproducability/AIgean/examples/resnet50/ips/layer28/../../../../../hls4ml/example-models/resnet50-hls-full_v2/firmware/nnet_utils/nnet_dense.h:140:9
WARNING: [HLS 214-104] Only for-loops and functions support the dataflow: /home/tarafdar/workDir/reproducability/AIgean/examples/resnet50/ips/layer28/../../../../../hls4ml/example-models/resnet50-hls-full_v2/firmware/nnet_utils/nnet_dense.h:152:9
WARNING: [HLS 214-104] Only for-loops and functions support the dataflow: /home/tarafdar/workDir/reproducability/AIgean/examples/resnet50/ips/layer28/../../../../../hls4ml/example-models/resnet50-hls-full_v2/firmware/nnet_utils/nnet_batchnorm.h:76:9
WARNING: [HLS 214-111] Static scalars and arrays declared inside a dataflow region will be treated like local variables: /home/tarafdar/workDir/reproducability/AIgean/examples/resnet50/ips/layer28/../../../../../hls4ml/example-models/resnet50-hls-full_v2/firmware/nnet_utils/nnet_conv2d_large.h:474:24
WARNING: [HLS 214-114] Since the only kind of statements allowed in a dataflow region are variable declarations and function calls, the compiler may not be able to correctly handle the region: /home/tarafdar/workDir/reproducability/AIgean/examples/resnet50/ips/layer28/../../kernel_headers/_conv_2d_large_cl_1x1.hpp:40:2
WARNING: [HLS 214-113] Either use an argument of the function or declare the variable inside the dataflow loop body: /home/tarafdar/workDir/reproducability/AIgean/examples/resnet50/ips/layer28/../srcs/conv_2d_large_cl_1x1.cpp:19:82
WARNING: [HLS 200-471] Dataflow form checks found 6 issue(s) in file /home/tarafdar/workDir/reproducability/AIgean/examples/resnet50/ips/layer28/../srcs/conv_2d_large_cl_1x1.cpp
INFO: [HLS 200-111] Finished Linking Time (s): cpu = 00:00:29 ; elapsed = 00:00:30 . Memory (MB): peak = 826.637 ; gain = 128.000 ; free physical = 29945 ; free virtual = 93969
INFO: [HLS 200-111] Finished Checking Pragmas Time (s): cpu = 00:00:29 ; elapsed = 00:00:30 . Memory (MB): peak = 826.637 ; gain = 128.000 ; free physical = 29944 ; free virtual = 93969
INFO: [HLS 200-10] Starting code transformations ...
INFO: [HLS 200-111] Finished Standard Transforms Time (s): cpu = 00:00:37 ; elapsed = 00:00:39 . Memory (MB): peak = 890.637 ; gain = 192.000 ; free physical = 29590 ; free virtual = 93638
INFO: [HLS 200-10] Checking synthesizability ...
INFO: [XFORM 203-602] Inlining function 'nnet::cast<ap_uint<8>, ap_uint<8>, config28_mult>' into 'nnet::dense_large_rf_leq_nin<ap_uint<8>, ap_uint<8>, config28_mult>' (/home/tarafdar/workDir/reproducability/AIgean/examples/resnet50/ips/layer28/../../../../../hls4ml/example-models/resnet50-hls-full_v2/firmware/nnet_utils/nnet_dense_large.h:100) automatically.
INFO: [XFORM 203-602] Inlining function 'nnet::dense_large<ap_uint<8>, ap_uint<8>, config28_mult>' into 'nnet::conv_2d_large_cl_1x1<ap_uint<8>, ap_uint<8>, config28>' (/home/tarafdar/workDir/reproducability/AIgean/examples/resnet50/ips/layer28/../../../../../hls4ml/example-models/resnet50-hls-full_v2/firmware/nnet_utils/nnet_conv2d_large.h:166) automatically.
INFO: [XFORM 203-602] Inlining function 'nnet::relu<ap_uint<8>, ap_uint<8>, config28_relu>' into 'nnet::conv_2d_large_cl_1x1<ap_uint<8>, ap_uint<8>, config28>' (/home/tarafdar/workDir/reproducability/AIgean/examples/resnet50/ips/layer28/../../../../../hls4ml/example-models/resnet50-hls-full_v2/firmware/nnet_utils/nnet_conv2d_large.h:167) automatically.
INFO: [HLS 200-111] Finished Checking Synthesizability Time (s): cpu = 00:00:38 ; elapsed = 00:00:39 . Memory (MB): peak = 890.637 ; gain = 192.000 ; free physical = 29521 ; free virtual = 93595
INFO: [XFORM 203-502] Unrolling all loops for pipelining in function 'nnet::fill_image<ap_uint<8>, ap_uint<8>, config28>' (/home/tarafdar/workDir/reproducability/AIgean/examples/resnet50/ips/layer28/../../../../../hls4ml/example-models/resnet50-hls-full_v2/firmware/nnet_utils/nnet_conv2d_large.h:123).
INFO: [XFORM 203-502] Unrolling all sub-loops inside loop 'ReuseLoop' (/home/tarafdar/workDir/reproducability/AIgean/examples/resnet50/ips/layer28/../../../../../hls4ml/example-models/resnet50-hls-full_v2/firmware/nnet_utils/nnet_dense_large.h:64) in function 'nnet::dense_large_rf_leq_nin<ap_uint<8>, ap_uint<8>, config28_mult>' for pipelining.
INFO: [HLS 200-489] Unrolling loop 'Loop-1' (/home/tarafdar/workDir/reproducability/AIgean/examples/resnet50/ips/layer28/../../../../../hls4ml/example-models/resnet50-hls-full_v2/firmware/nnet_utils/nnet_conv2d_large.h:161) in function 'nnet::conv_2d_large_cl_1x1<ap_uint<8>, ap_uint<8>, config28>' completely with a factor of 256.
INFO: [HLS 200-489] Unrolling loop 'Loop-1' (/home/tarafdar/workDir/reproducability/AIgean/examples/resnet50/ips/layer28/../../../../../hls4ml/example-models/resnet50-hls-full_v2/firmware/nnet_utils/nnet_conv2d_large.h:127) in function 'nnet::fill_image<ap_uint<8>, ap_uint<8>, config28>' completely with a factor of 65.
INFO: [HLS 200-489] Unrolling loop 'Loop-1' (/home/tarafdar/workDir/reproducability/AIgean/examples/resnet50/ips/layer28/../../../../../hls4ml/example-models/resnet50-hls-full_v2/firmware/nnet_utils/nnet_activation.h:84) in function 'nnet::relu<ap_uint<8>, ap_uint<8>, config28_relu>' completely with a factor of 64.
INFO: [HLS 200-489] Unrolling loop 'InitAccum' (/home/tarafdar/workDir/reproducability/AIgean/examples/resnet50/ips/layer28/../../../../../hls4ml/example-models/resnet50-hls-full_v2/firmware/nnet_utils/nnet_dense_large.h:59) in function 'nnet::dense_large_rf_leq_nin<ap_uint<8>, ap_uint<8>, config28_mult>' completely with a factor of 64.
INFO: [HLS 200-489] Unrolling loop 'MultLoop' (/home/tarafdar/workDir/reproducability/AIgean/examples/resnet50/ips/layer28/../../../../../hls4ml/example-models/resnet50-hls-full_v2/firmware/nnet_utils/nnet_dense_large.h:74) in function 'nnet::dense_large_rf_leq_nin<ap_uint<8>, ap_uint<8>, config28_mult>' completely with a factor of 128.
INFO: [HLS 200-489] Unrolling loop 'Loop-2.2' (/home/tarafdar/workDir/reproducability/AIgean/examples/resnet50/ips/layer28/../../../../../hls4ml/example-models/resnet50-hls-full_v2/firmware/nnet_utils/nnet_dense_large.h:83) in function 'nnet::dense_large_rf_leq_nin<ap_uint<8>, ap_uint<8>, config28_mult>' completely with a factor of 128.
INFO: [HLS 200-489] Unrolling loop 'Result' (/home/tarafdar/workDir/reproducability/AIgean/examples/resnet50/ips/layer28/../../../../../hls4ml/example-models/resnet50-hls-full_v2/firmware/nnet_utils/nnet_dense_large.h:98) in function 'nnet::dense_large_rf_leq_nin<ap_uint<8>, ap_uint<8>, config28_mult>' completely with a factor of 64.
INFO: [XFORM 203-131] Reshaping array 'layer_in.V'  in dimension 1 completely.
INFO: [XFORM 203-131] Reshaping array 'layer_reluout.V'  in dimension 1 completely.
INFO: [XFORM 203-131] Reshaping array 'layer_out.V'  in dimension 1 completely.
INFO: [XFORM 203-131] Reshaping array 'w28.V'  in dimension 1 with a block factor of 128.
INFO: [XFORM 203-131] Reshaping array 'b28.V'  in dimension 1 completely.
INFO: [XFORM 203-131] Reshaping array 'tmpmult.V' (/home/tarafdar/workDir/reproducability/AIgean/examples/resnet50/ips/layer28/../../../../../hls4ml/example-models/resnet50-hls-full_v2/firmware/nnet_utils/nnet_dense_large.h:71) in dimension 1 completely.
INFO: [XFORM 203-102] Automatically partitioning streamed array 'output.V.V' (/home/tarafdar/workDir/reproducability/AIgean/examples/resnet50/ips/layer28/../srcs/conv_2d_large_cl_1x1.cpp:9) .
INFO: [XFORM 203-102] Automatically partitioning streamed array 'input.V.V' (/home/tarafdar/workDir/reproducability/AIgean/examples/resnet50/ips/layer28/../srcs/conv_2d_large_cl_1x1.cpp:8) .
INFO: [XFORM 203-101] Partitioning array 'acc.V' (/home/tarafdar/workDir/reproducability/AIgean/examples/resnet50/ips/layer28/../../../../../hls4ml/example-models/resnet50-hls-full_v2/firmware/nnet_utils/nnet_dense_large.h:55) in dimension 1 completely.
INFO: [XFORM 203-101] Partitioning array 'output.V.V' (/home/tarafdar/workDir/reproducability/AIgean/examples/resnet50/ips/layer28/../srcs/conv_2d_large_cl_1x1.cpp:9) in dimension 1 completely.
INFO: [XFORM 203-101] Partitioning array 'input.V.V' (/home/tarafdar/workDir/reproducability/AIgean/examples/resnet50/ips/layer28/../srcs/conv_2d_large_cl_1x1.cpp:8) in dimension 1 completely.
INFO: [XFORM 203-602] Inlining function 'nnet::cast<ap_uint<8>, ap_uint<8>, config28_mult>' into 'nnet::dense_large_rf_leq_nin<ap_uint<8>, ap_uint<8>, config28_mult>.1' (/home/tarafdar/workDir/reproducability/AIgean/examples/resnet50/ips/layer28/../../../../../hls4ml/example-models/resnet50-hls-full_v2/firmware/nnet_utils/nnet_dense_large.h:100) automatically.
INFO: [XFORM 203-602] Inlining function 'nnet::dense_large<ap_uint<8>, ap_uint<8>, config28_mult>' into 'nnet::conv_2d_large_cl_1x1<ap_uint<8>, ap_uint<8>, config28>' automatically.
INFO: [XFORM 203-622] Instantiating function 'nnet::dense_large_rf_leq_nin<ap_uint<8>, ap_uint<8>, config28_mult>.1'(/home/tarafdar/workDir/reproducability/AIgean/examples/resnet50/ips/layer28/../../../../../hls4ml/example-models/resnet50-hls-full_v2/firmware/nnet_utils/nnet_dense_large.h:61:31) to 'nnet::dense_large_rf_leq_nin<ap_uint<8>, ap_uint<8>, config28_mult>.1.0' by setting 'weights.V' to 'w28.V'.
INFO: [XFORM 203-622] Instantiating function 'nnet::dense_large_rf_leq_nin<ap_uint<8>, ap_uint<8>, config28_mult>.1.0'(/home/tarafdar/workDir/reproducability/AIgean/examples/resnet50/ips/layer28/../../../../../hls4ml/example-models/resnet50-hls-full_v2/firmware/nnet_utils/nnet_dense_large.h:61:31) to 'nnet::dense_large_rf_leq_nin<ap_uint<8>, ap_uint<8>, config28_mult>.1.0.0' by setting 'biases.V' to 'b28.V'.
INFO: [XFORM 203-712] Applying dataflow to function '_conv_2d_large_cl_1x1<ap_uint<8>, ap_uint<8>, config28, 257, 65>', detected/extracted 1 process function(s): 
	 '_conv_2d_large_cl_1x1<ap_uint<8>, ap_uint<8>, config28, 257, 65>_Block__proc'.
INFO: [XFORM 203-712] Applying dataflow to function 'conv_2d_large_cl_1x1', detected/extracted 1 process function(s): 
	 '_conv_2d_large_cl_1x1<ap_uint<8>, ap_uint<8>, config28, 257, 65>'.
INFO: [XFORM 203-602] Inlining function 'nnet::relu<ap_uint<8>, ap_uint<8>, config28_relu>' into 'nnet::conv_2d_large_cl_1x1<ap_uint<8>, ap_uint<8>, config28>' automatically.
INFO: [XFORM 203-11] Balancing expressions in function 'nnet::dense_large_rf_leq_nin<ap_uint<8>, ap_uint<8>, config28_mult>.1.0.0' (/home/tarafdar/workDir/reproducability/AIgean/examples/resnet50/ips/layer28/../../../../../hls4ml/example-models/resnet50-hls-full_v2/firmware/nnet_utils/nnet_dense_large.h:34:33)...256 expression(s) balanced.
INFO: [HLS 200-111] Finished Pre-synthesis Time (s): cpu = 00:01:27 ; elapsed = 00:01:29 . Memory (MB): peak = 890.637 ; gain = 192.000 ; free physical = 26141 ; free virtual = 90484
WARNING: [XFORM 203-631] Renaming function 'nnet::product<ap_uint<8>, ap_uint<16>, ap_uint<27> >' to 'product' (/home/tarafdar/workDir/reproducability/AIgean/examples/resnet50/ips/layer28/../../../../../hls4ml/example-models/resnet50-hls-full_v2/firmware/nnet_utils/nnet_dense.h:90:12)
WARNING: [XFORM 203-631] Renaming function 'nnet::fill_image<ap_uint<8>, ap_uint<8>, config28>' to 'fill_image' (/home/tarafdar/workDir/reproducability/AIgean/examples/resnet50/ips/layer28/../../../../../hls4ml/example-models/resnet50-hls-full_v2/firmware/nnet_utils/nnet_conv2d_large.h:126:1)
WARNING: [XFORM 203-631] Renaming function 'nnet::dense_large_rf_leq_nin<ap_uint<8>, ap_uint<8>, config28_mult>.1.0.0' to 'dense_large_rf_leq_n' (/home/tarafdar/workDir/reproducability/AIgean/examples/resnet50/ips/layer28/../../../../../hls4ml/example-models/resnet50-hls-full_v2/firmware/nnet_utils/nnet_dense_large.h:34:33)
WARNING: [XFORM 203-631] Renaming function 'nnet::conv_2d_large_cl_1x1<ap_uint<8>, ap_uint<8>, config28>' to 'conv_2d_large_cl_1x1.1.1' (/home/tarafdar/workDir/reproducability/AIgean/examples/resnet50/ips/layer28/../../../../../hls4ml/example-models/resnet50-hls-full_v2/firmware/nnet_utils/nnet_conv2d_large.h:156:1)
WARNING: [XFORM 203-631] Renaming function '_conv_2d_large_cl_1x1<ap_uint<8>, ap_uint<8>, config28, 257, 65>_Block__proc' to '_conv_2d_large_cl_1x' (/home/tarafdar/workDir/reproducability/AIgean/examples/resnet50/ips/layer28/../../kernel_headers/_conv_2d_large_cl_1x1.hpp:40:5)
WARNING: [XFORM 203-631] Renaming function '_conv_2d_large_cl_1x1<ap_uint<8>, ap_uint<8>, config28, 257, 65>' to '_conv_2d_large_cl_1x.1' (/home/tarafdar/workDir/reproducability/AIgean/examples/resnet50/ips/layer28/../../kernel_headers/_conv_2d_large_cl_1x1.hpp:17:1)
INFO: [XFORM 203-531] Rewinding loop 'ReuseLoop' (/home/tarafdar/workDir/reproducability/AIgean/examples/resnet50/ips/layer28/../../../../../hls4ml/example-models/resnet50-hls-full_v2/firmware/nnet_utils/nnet_dense_large.h:64) in function 'dense_large_rf_leq_n'.
WARNING: [XFORM 203-561] Ignored multiple trip count directives for loop 'ReuseLoop' in function 'dense_large_rf_leq_n'.
INFO: [HLS 200-111] Finished Architecture Synthesis Time (s): cpu = 00:01:56 ; elapsed = 00:02:00 . Memory (MB): peak = 890.637 ; gain = 192.000 ; free physical = 22142 ; free virtual = 86290
INFO: [HLS 200-10] Starting hardware synthesis ...
INFO: [HLS 200-10] Synthesizing 'conv_2d_large_cl_1x1' ...
WARNING: [SYN 201-103] Legalizing function name 'conv_2d_large_cl_1x1.1.1' to 'conv_2d_large_cl_1x1_1_1'.
WARNING: [SYN 201-103] Legalizing function name '_conv_2d_large_cl_1x' to 'p_conv_2d_large_cl_1x'.
WARNING: [SYN 201-103] Legalizing function name '_conv_2d_large_cl_1x.1' to 'p_conv_2d_large_cl_1x_1'.
INFO: [HLS 200-10] ----------------------------------------------------------------
INFO: [HLS 200-42] -- Implementing module 'product' 
INFO: [HLS 200-10] ----------------------------------------------------------------
INFO: [SCHED 204-11] Starting scheduling ...
INFO: [SCHED 204-61] Pipelining function 'product'.
INFO: [SCHED 204-61] Pipelining result : Target II = 1, Final II = 1, Depth = 1.
INFO: [SCHED 204-11] Finished scheduling.
INFO: [HLS 200-111]  Elapsed time: 121.11 seconds; current allocated memory: 237.845 MB.
INFO: [BIND 205-100] Starting micro-architecture generation ...
INFO: [BIND 205-101] Performing variable lifetime analysis.
INFO: [BIND 205-101] Exploring resource sharing.
INFO: [BIND 205-101] Binding ...
INFO: [BIND 205-100] Finished micro-architecture generation.
INFO: [HLS 200-111]  Elapsed time: 0.04 seconds; current allocated memory: 237.911 MB.
INFO: [HLS 200-10] ----------------------------------------------------------------
INFO: [HLS 200-42] -- Implementing module 'dense_large_rf_leq_n' 
INFO: [HLS 200-10] ----------------------------------------------------------------
INFO: [SCHED 204-11] Starting scheduling ...
INFO: [SCHED 204-61] Pipelining loop 'ReuseLoop'.
INFO: [SCHED 204-61] Pipelining result : Target II = 1, Final II = 1, Depth = 4.
INFO: [SCHED 204-11] Finished scheduling.
INFO: [HLS 200-111]  Elapsed time: 1.06 seconds; current allocated memory: 240.791 MB.
INFO: [BIND 205-100] Starting micro-architecture generation ...
INFO: [BIND 205-101] Performing variable lifetime analysis.
INFO: [BIND 205-101] Exploring resource sharing.
INFO: [BIND 205-101] Binding ...
INFO: [BIND 205-100] Finished micro-architecture generation.
INFO: [HLS 200-111]  Elapsed time: 1.77 seconds; current allocated memory: 245.081 MB.
INFO: [HLS 200-10] ----------------------------------------------------------------
INFO: [HLS 200-42] -- Implementing module 'fill_image' 
INFO: [HLS 200-10] ----------------------------------------------------------------
INFO: [SCHED 204-11] Starting scheduling ...
INFO: [SCHED 204-61] Pipelining function 'fill_image'.
INFO: [SCHED 204-61] Pipelining result : Target II = 1, Final II = 1, Depth = 1.
INFO: [SCHED 204-11] Finished scheduling.
INFO: [HLS 200-111]  Elapsed time: 1.79 seconds; current allocated memory: 245.776 MB.
INFO: [BIND 205-100] Starting micro-architecture generation ...
INFO: [BIND 205-101] Performing variable lifetime analysis.
INFO: [BIND 205-101] Exploring resource sharing.
INFO: [BIND 205-101] Binding ...
INFO: [BIND 205-100] Finished micro-architecture generation.
INFO: [HLS 200-111]  Elapsed time: 0.26 seconds; current allocated memory: 246.892 MB.
INFO: [HLS 200-10] ----------------------------------------------------------------
INFO: [HLS 200-42] -- Implementing module 'conv_2d_large_cl_1x1_1_1' 
INFO: [HLS 200-10] ----------------------------------------------------------------
INFO: [SCHED 204-11] Starting scheduling ...
INFO: [SCHED 204-11] Finished scheduling.
INFO: [HLS 200-111]  Elapsed time: 0.54 seconds; current allocated memory: 248.223 MB.
INFO: [BIND 205-100] Starting micro-architecture generation ...
INFO: [BIND 205-101] Performing variable lifetime analysis.
INFO: [BIND 205-101] Exploring resource sharing.
INFO: [BIND 205-101] Binding ...
INFO: [BIND 205-100] Finished micro-architecture generation.
INFO: [HLS 200-111]  Elapsed time: 1.09 seconds; current allocated memory: 251.700 MB.
INFO: [HLS 200-10] ----------------------------------------------------------------
INFO: [HLS 200-42] -- Implementing module 'p_conv_2d_large_cl_1x' 
INFO: [HLS 200-10] ----------------------------------------------------------------
INFO: [SCHED 204-11] Starting scheduling ...
INFO: [SCHED 204-11] Finished scheduling.
INFO: [HLS 200-111]  Elapsed time: 1.53 seconds; current allocated memory: 252.427 MB.
INFO: [BIND 205-100] Starting micro-architecture generation ...
INFO: [BIND 205-101] Performing variable lifetime analysis.
INFO: [BIND 205-101] Exploring resource sharing.
INFO: [BIND 205-101] Binding ...
INFO: [BIND 205-100] Finished micro-architecture generation.
INFO: [HLS 200-111]  Elapsed time: 0.62 seconds; current allocated memory: 255.176 MB.
INFO: [HLS 200-10] ----------------------------------------------------------------
INFO: [HLS 200-42] -- Implementing module 'p_conv_2d_large_cl_1x_1' 
INFO: [HLS 200-10] ----------------------------------------------------------------
INFO: [SCHED 204-11] Starting scheduling ...
INFO: [SCHED 204-11] Finished scheduling.
INFO: [HLS 200-111]  Elapsed time: 1.15 seconds; current allocated memory: 255.946 MB.
INFO: [BIND 205-100] Starting micro-architecture generation ...
INFO: [BIND 205-101] Performing variable lifetime analysis.
INFO: [BIND 205-101] Exploring resource sharing.
INFO: [BIND 205-101] Binding ...
INFO: [BIND 205-100] Finished micro-architecture generation.
INFO: [HLS 200-111]  Elapsed time: 0.61 seconds; current allocated memory: 258.683 MB.
INFO: [HLS 200-10] ----------------------------------------------------------------
INFO: [HLS 200-42] -- Implementing module 'conv_2d_large_cl_1x1' 
INFO: [HLS 200-10] ----------------------------------------------------------------
INFO: [SCHED 204-11] Starting scheduling ...
INFO: [SCHED 204-11] Finished scheduling.
INFO: [HLS 200-111]  Elapsed time: 1.09 seconds; current allocated memory: 259.809 MB.
INFO: [BIND 205-100] Starting micro-architecture generation ...
INFO: [BIND 205-101] Performing variable lifetime analysis.
INFO: [BIND 205-101] Exploring resource sharing.
INFO: [BIND 205-101] Binding ...
INFO: [BIND 205-100] Finished micro-architecture generation.
INFO: [HLS 200-111]  Elapsed time: 1.11 seconds; current allocated memory: 262.891 MB.
INFO: [HLS 200-10] ----------------------------------------------------------------
INFO: [HLS 200-10] -- Generating RTL for module 'product' 
INFO: [HLS 200-10] ----------------------------------------------------------------
INFO: [RTGEN 206-100] Generating core module 'conv_2d_large_cl_1x1_mul_mul_8ns_26ns_27_1_1': 1 instance(s).
INFO: [RTGEN 206-100] Finished creating RTL model for 'product'.
INFO: [HLS 200-111]  Elapsed time: 1.52 seconds; current allocated memory: 263.194 MB.
INFO: [HLS 200-10] ----------------------------------------------------------------
INFO: [HLS 200-10] -- Generating RTL for module 'dense_large_rf_leq_n' 
INFO: [HLS 200-10] ----------------------------------------------------------------
INFO: [RTGEN 206-104] Estimated max fanout for 'dense_large_rf_leq_n' is 10306 from HDL expression: ((1'b0 == ap_block_pp0_stage0_11001) & (1'b1 == ap_CS_fsm_pp0_stage0))
INFO: [RTGEN 206-100] Finished creating RTL model for 'dense_large_rf_leq_n'.
INFO: [HLS 200-111]  Elapsed time: 1.35 seconds; current allocated memory: 270.918 MB.
INFO: [HLS 200-10] ----------------------------------------------------------------
INFO: [HLS 200-10] -- Generating RTL for module 'fill_image' 
INFO: [HLS 200-10] ----------------------------------------------------------------
INFO: [RTGEN 206-100] Finished creating RTL model for 'fill_image'.
INFO: [HLS 200-111]  Elapsed time: 3.77 seconds; current allocated memory: 288.592 MB.
INFO: [HLS 200-10] ----------------------------------------------------------------
INFO: [HLS 200-10] -- Generating RTL for module 'conv_2d_large_cl_1x1_1_1' 
INFO: [HLS 200-10] ----------------------------------------------------------------
WARNING: [RTGEN 206-101] Register 'pX' is power-on initialization.
WARNING: [RTGEN 206-101] Register 'pY' is power-on initialization.
WARNING: [RTGEN 206-101] Register 'layer_out_V' is power-on initialization.
INFO: [RTGEN 206-100] Finished creating RTL model for 'conv_2d_large_cl_1x1_1_1'.
INFO: [HLS 200-111]  Elapsed time: 2.18 seconds; current allocated memory: 321.658 MB.
INFO: [HLS 200-10] ----------------------------------------------------------------
INFO: [HLS 200-10] -- Generating RTL for module 'p_conv_2d_large_cl_1x' 
INFO: [HLS 200-10] ----------------------------------------------------------------
INFO: [RTGEN 206-100] Finished creating RTL model for 'p_conv_2d_large_cl_1x'.
INFO: [HLS 200-111]  Elapsed time: 11.8 seconds; current allocated memory: 361.571 MB.
INFO: [HLS 200-10] ----------------------------------------------------------------
INFO: [HLS 200-10] -- Generating RTL for module 'p_conv_2d_large_cl_1x_1' 
INFO: [HLS 200-10] ----------------------------------------------------------------
INFO: [HLS 200-633] Setting ap_ctrl_none interface for _conv_2d_large_cl_1x.1
INFO: [RTGEN 206-100] Finished creating RTL model for 'p_conv_2d_large_cl_1x_1'.
INFO: [HLS 200-111]  Elapsed time: 6.69 seconds; current allocated memory: 378.001 MB.
INFO: [HLS 200-10] ----------------------------------------------------------------
INFO: [HLS 200-10] -- Generating RTL for module 'conv_2d_large_cl_1x1' 
INFO: [HLS 200-10] ----------------------------------------------------------------
INFO: [RTGEN 206-500] Setting interface mode on port 'conv_2d_large_cl_1x1/input_0_V_V' to 'axis'.
INFO: [RTGEN 206-500] Setting interface mode on port 'conv_2d_large_cl_1x1/input_1_V_V' to 'axis' (register, both mode).
INFO: [RTGEN 206-500] Setting interface mode on port 'conv_2d_large_cl_1x1/input_2_V_V' to 'axis' (register, both mode).
INFO: [RTGEN 206-500] Setting interface mode on port 'conv_2d_large_cl_1x1/input_3_V_V' to 'axis' (register, both mode).
INFO: [RTGEN 206-500] Setting interface mode on port 'conv_2d_large_cl_1x1/input_4_V_V' to 'axis' (register, both mode).
INFO: [RTGEN 206-500] Setting interface mode on port 'conv_2d_large_cl_1x1/input_5_V_V' to 'axis' (register, both mode).
INFO: [RTGEN 206-500] Setting interface mode on port 'conv_2d_large_cl_1x1/input_6_V_V' to 'axis' (register, both mode).
INFO: [RTGEN 206-500] Setting interface mode on port 'conv_2d_large_cl_1x1/input_7_V_V' to 'axis' (register, both mode).
INFO: [RTGEN 206-500] Setting interface mode on port 'conv_2d_large_cl_1x1/input_8_V_V' to 'axis' (register, both mode).
INFO: [RTGEN 206-500] Setting interface mode on port 'conv_2d_large_cl_1x1/input_9_V_V' to 'axis' (register, both mode).
INFO: [RTGEN 206-500] Setting interface mode on port 'conv_2d_large_cl_1x1/input_10_V_V' to 'axis' (register, both mode).
INFO: [RTGEN 206-500] Setting interface mode on port 'conv_2d_large_cl_1x1/input_11_V_V' to 'axis' (register, both mode).
INFO: [RTGEN 206-500] Setting interface mode on port 'conv_2d_large_cl_1x1/input_12_V_V' to 'axis' (register, both mode).
INFO: [RTGEN 206-500] Setting interface mode on port 'conv_2d_large_cl_1x1/input_13_V_V' to 'axis' (register, both mode).
INFO: [RTGEN 206-500] Setting interface mode on port 'conv_2d_large_cl_1x1/input_14_V_V' to 'axis' (register, both mode).
INFO: [RTGEN 206-500] Setting interface mode on port 'conv_2d_large_cl_1x1/input_15_V_V' to 'axis' (register, both mode).
INFO: [RTGEN 206-500] Setting interface mode on port 'conv_2d_large_cl_1x1/input_16_V_V' to 'axis' (register, both mode).
INFO: [RTGEN 206-500] Setting interface mode on port 'conv_2d_large_cl_1x1/input_17_V_V' to 'axis' (register, both mode).
INFO: [RTGEN 206-500] Setting interface mode on port 'conv_2d_large_cl_1x1/input_18_V_V' to 'axis' (register, both mode).
INFO: [RTGEN 206-500] Setting interface mode on port 'conv_2d_large_cl_1x1/input_19_V_V' to 'axis' (register, both mode).
INFO: [RTGEN 206-500] Setting interface mode on port 'conv_2d_large_cl_1x1/input_20_V_V' to 'axis' (register, both mode).
INFO: [RTGEN 206-500] Setting interface mode on port 'conv_2d_large_cl_1x1/input_21_V_V' to 'axis' (register, both mode).
INFO: [RTGEN 206-500] Setting interface mode on port 'conv_2d_large_cl_1x1/input_22_V_V' to 'axis' (register, both mode).
INFO: [RTGEN 206-500] Setting interface mode on port 'conv_2d_large_cl_1x1/input_23_V_V' to 'axis' (register, both mode).
INFO: [RTGEN 206-500] Setting interface mode on port 'conv_2d_large_cl_1x1/input_24_V_V' to 'axis' (register, both mode).
INFO: [RTGEN 206-500] Setting interface mode on port 'conv_2d_large_cl_1x1/input_25_V_V' to 'axis' (register, both mode).
INFO: [RTGEN 206-500] Setting interface mode on port 'conv_2d_large_cl_1x1/input_26_V_V' to 'axis' (register, both mode).
INFO: [RTGEN 206-500] Setting interface mode on port 'conv_2d_large_cl_1x1/input_27_V_V' to 'axis' (register, both mode).
INFO: [RTGEN 206-500] Setting interface mode on port 'conv_2d_large_cl_1x1/input_28_V_V' to 'axis' (register, both mode).
INFO: [RTGEN 206-500] Setting interface mode on port 'conv_2d_large_cl_1x1/input_29_V_V' to 'axis' (register, both mode).
INFO: [RTGEN 206-500] Setting interface mode on port 'conv_2d_large_cl_1x1/input_30_V_V' to 'axis' (register, both mode).
INFO: [RTGEN 206-500] Setting interface mode on port 'conv_2d_large_cl_1x1/input_31_V_V' to 'axis' (register, both mode).
INFO: [RTGEN 206-500] Setting interface mode on port 'conv_2d_large_cl_1x1/input_32_V_V' to 'axis' (register, both mode).
INFO: [RTGEN 206-500] Setting interface mode on port 'conv_2d_large_cl_1x1/input_33_V_V' to 'axis' (register, both mode).
INFO: [RTGEN 206-500] Setting interface mode on port 'conv_2d_large_cl_1x1/input_34_V_V' to 'axis' (register, both mode).
INFO: [RTGEN 206-500] Setting interface mode on port 'conv_2d_large_cl_1x1/input_35_V_V' to 'axis' (register, both mode).
INFO: [RTGEN 206-500] Setting interface mode on port 'conv_2d_large_cl_1x1/input_36_V_V' to 'axis' (register, both mode).
INFO: [RTGEN 206-500] Setting interface mode on port 'conv_2d_large_cl_1x1/input_37_V_V' to 'axis' (register, both mode).
INFO: [RTGEN 206-500] Setting interface mode on port 'conv_2d_large_cl_1x1/input_38_V_V' to 'axis' (register, both mode).
INFO: [RTGEN 206-500] Setting interface mode on port 'conv_2d_large_cl_1x1/input_39_V_V' to 'axis' (register, both mode).
INFO: [RTGEN 206-500] Setting interface mode on port 'conv_2d_large_cl_1x1/input_40_V_V' to 'axis' (register, both mode).
INFO: [RTGEN 206-500] Setting interface mode on port 'conv_2d_large_cl_1x1/input_41_V_V' to 'axis' (register, both mode).
INFO: [RTGEN 206-500] Setting interface mode on port 'conv_2d_large_cl_1x1/input_42_V_V' to 'axis' (register, both mode).
INFO: [RTGEN 206-500] Setting interface mode on port 'conv_2d_large_cl_1x1/input_43_V_V' to 'axis' (register, both mode).
INFO: [RTGEN 206-500] Setting interface mode on port 'conv_2d_large_cl_1x1/input_44_V_V' to 'axis' (register, both mode).
INFO: [RTGEN 206-500] Setting interface mode on port 'conv_2d_large_cl_1x1/input_45_V_V' to 'axis' (register, both mode).
INFO: [RTGEN 206-500] Setting interface mode on port 'conv_2d_large_cl_1x1/input_46_V_V' to 'axis' (register, both mode).
INFO: [RTGEN 206-500] Setting interface mode on port 'conv_2d_large_cl_1x1/input_47_V_V' to 'axis' (register, both mode).
INFO: [RTGEN 206-500] Setting interface mode on port 'conv_2d_large_cl_1x1/input_48_V_V' to 'axis' (register, both mode).
INFO: [RTGEN 206-500] Setting interface mode on port 'conv_2d_large_cl_1x1/input_49_V_V' to 'axis' (register, both mode).
INFO: [RTGEN 206-500] Setting interface mode on port 'conv_2d_large_cl_1x1/input_50_V_V' to 'axis' (register, both mode).
INFO: [RTGEN 206-500] Setting interface mode on port 'conv_2d_large_cl_1x1/input_51_V_V' to 'axis' (register, both mode).
INFO: [RTGEN 206-500] Setting interface mode on port 'conv_2d_large_cl_1x1/input_52_V_V' to 'axis' (register, both mode).
INFO: [RTGEN 206-500] Setting interface mode on port 'conv_2d_large_cl_1x1/input_53_V_V' to 'axis' (register, both mode).
INFO: [RTGEN 206-500] Setting interface mode on port 'conv_2d_large_cl_1x1/input_54_V_V' to 'axis' (register, both mode).
INFO: [RTGEN 206-500] Setting interface mode on port 'conv_2d_large_cl_1x1/input_55_V_V' to 'axis' (register, both mode).
INFO: [RTGEN 206-500] Setting interface mode on port 'conv_2d_large_cl_1x1/input_56_V_V' to 'axis' (register, both mode).
INFO: [RTGEN 206-500] Setting interface mode on port 'conv_2d_large_cl_1x1/input_57_V_V' to 'axis' (register, both mode).
INFO: [RTGEN 206-500] Setting interface mode on port 'conv_2d_large_cl_1x1/input_58_V_V' to 'axis' (register, both mode).
INFO: [RTGEN 206-500] Setting interface mode on port 'conv_2d_large_cl_1x1/input_59_V_V' to 'axis' (register, both mode).
INFO: [RTGEN 206-500] Setting interface mode on port 'conv_2d_large_cl_1x1/input_60_V_V' to 'axis' (register, both mode).
INFO: [RTGEN 206-500] Setting interface mode on port 'conv_2d_large_cl_1x1/input_61_V_V' to 'axis' (register, both mode).
INFO: [RTGEN 206-500] Setting interface mode on port 'conv_2d_large_cl_1x1/input_62_V_V' to 'axis' (register, both mode).
INFO: [RTGEN 206-500] Setting interface mode on port 'conv_2d_large_cl_1x1/input_63_V_V' to 'axis' (register, both mode).
INFO: [RTGEN 206-500] Setting interface mode on port 'conv_2d_large_cl_1x1/input_64_V_V' to 'axis' (register, both mode).
INFO: [RTGEN 206-500] Setting interface mode on port 'conv_2d_large_cl_1x1/input_65_V_V' to 'axis' (register, both mode).
INFO: [RTGEN 206-500] Setting interface mode on port 'conv_2d_large_cl_1x1/input_66_V_V' to 'axis' (register, both mode).
INFO: [RTGEN 206-500] Setting interface mode on port 'conv_2d_large_cl_1x1/input_67_V_V' to 'axis' (register, both mode).
INFO: [RTGEN 206-500] Setting interface mode on port 'conv_2d_large_cl_1x1/input_68_V_V' to 'axis' (register, both mode).
INFO: [RTGEN 206-500] Setting interface mode on port 'conv_2d_large_cl_1x1/input_69_V_V' to 'axis' (register, both mode).
INFO: [RTGEN 206-500] Setting interface mode on port 'conv_2d_large_cl_1x1/input_70_V_V' to 'axis' (register, both mode).
INFO: [RTGEN 206-500] Setting interface mode on port 'conv_2d_large_cl_1x1/input_71_V_V' to 'axis' (register, both mode).
INFO: [RTGEN 206-500] Setting interface mode on port 'conv_2d_large_cl_1x1/input_72_V_V' to 'axis' (register, both mode).
INFO: [RTGEN 206-500] Setting interface mode on port 'conv_2d_large_cl_1x1/input_73_V_V' to 'axis' (register, both mode).
INFO: [RTGEN 206-500] Setting interface mode on port 'conv_2d_large_cl_1x1/input_74_V_V' to 'axis' (register, both mode).
INFO: [RTGEN 206-500] Setting interface mode on port 'conv_2d_large_cl_1x1/input_75_V_V' to 'axis' (register, both mode).
INFO: [RTGEN 206-500] Setting interface mode on port 'conv_2d_large_cl_1x1/input_76_V_V' to 'axis' (register, both mode).
INFO: [RTGEN 206-500] Setting interface mode on port 'conv_2d_large_cl_1x1/input_77_V_V' to 'axis' (register, both mode).
INFO: [RTGEN 206-500] Setting interface mode on port 'conv_2d_large_cl_1x1/input_78_V_V' to 'axis' (register, both mode).
INFO: [RTGEN 206-500] Setting interface mode on port 'conv_2d_large_cl_1x1/input_79_V_V' to 'axis' (register, both mode).
INFO: [RTGEN 206-500] Setting interface mode on port 'conv_2d_large_cl_1x1/input_80_V_V' to 'axis' (register, both mode).
INFO: [RTGEN 206-500] Setting interface mode on port 'conv_2d_large_cl_1x1/input_81_V_V' to 'axis' (register, both mode).
INFO: [RTGEN 206-500] Setting interface mode on port 'conv_2d_large_cl_1x1/input_82_V_V' to 'axis' (register, both mode).
INFO: [RTGEN 206-500] Setting interface mode on port 'conv_2d_large_cl_1x1/input_83_V_V' to 'axis' (register, both mode).
INFO: [RTGEN 206-500] Setting interface mode on port 'conv_2d_large_cl_1x1/input_84_V_V' to 'axis' (register, both mode).
INFO: [RTGEN 206-500] Setting interface mode on port 'conv_2d_large_cl_1x1/input_85_V_V' to 'axis' (register, both mode).
INFO: [RTGEN 206-500] Setting interface mode on port 'conv_2d_large_cl_1x1/input_86_V_V' to 'axis' (register, both mode).
INFO: [RTGEN 206-500] Setting interface mode on port 'conv_2d_large_cl_1x1/input_87_V_V' to 'axis' (register, both mode).
INFO: [RTGEN 206-500] Setting interface mode on port 'conv_2d_large_cl_1x1/input_88_V_V' to 'axis' (register, both mode).
INFO: [RTGEN 206-500] Setting interface mode on port 'conv_2d_large_cl_1x1/input_89_V_V' to 'axis' (register, both mode).
INFO: [RTGEN 206-500] Setting interface mode on port 'conv_2d_large_cl_1x1/input_90_V_V' to 'axis' (register, both mode).
INFO: [RTGEN 206-500] Setting interface mode on port 'conv_2d_large_cl_1x1/input_91_V_V' to 'axis' (register, both mode).
INFO: [RTGEN 206-500] Setting interface mode on port 'conv_2d_large_cl_1x1/input_92_V_V' to 'axis' (register, both mode).
INFO: [RTGEN 206-500] Setting interface mode on port 'conv_2d_large_cl_1x1/input_93_V_V' to 'axis' (register, both mode).
INFO: [RTGEN 206-500] Setting interface mode on port 'conv_2d_large_cl_1x1/input_94_V_V' to 'axis' (register, both mode).
INFO: [RTGEN 206-500] Setting interface mode on port 'conv_2d_large_cl_1x1/input_95_V_V' to 'axis' (register, both mode).
INFO: [RTGEN 206-500] Setting interface mode on port 'conv_2d_large_cl_1x1/input_96_V_V' to 'axis' (register, both mode).
INFO: [RTGEN 206-500] Setting interface mode on port 'conv_2d_large_cl_1x1/input_97_V_V' to 'axis' (register, both mode).
INFO: [RTGEN 206-500] Setting interface mode on port 'conv_2d_large_cl_1x1/input_98_V_V' to 'axis' (register, both mode).
INFO: [RTGEN 206-500] Setting interface mode on port 'conv_2d_large_cl_1x1/input_99_V_V' to 'axis' (register, both mode).
INFO: [RTGEN 206-500] Setting interface mode on port 'conv_2d_large_cl_1x1/input_100_V_V' to 'axis' (register, both mode).
INFO: [RTGEN 206-500] Setting interface mode on port 'conv_2d_large_cl_1x1/input_101_V_V' to 'axis' (register, both mode).
INFO: [RTGEN 206-500] Setting interface mode on port 'conv_2d_large_cl_1x1/input_102_V_V' to 'axis' (register, both mode).
INFO: [RTGEN 206-500] Setting interface mode on port 'conv_2d_large_cl_1x1/input_103_V_V' to 'axis' (register, both mode).
INFO: [RTGEN 206-500] Setting interface mode on port 'conv_2d_large_cl_1x1/input_104_V_V' to 'axis' (register, both mode).
INFO: [RTGEN 206-500] Setting interface mode on port 'conv_2d_large_cl_1x1/input_105_V_V' to 'axis' (register, both mode).
INFO: [RTGEN 206-500] Setting interface mode on port 'conv_2d_large_cl_1x1/input_106_V_V' to 'axis' (register, both mode).
INFO: [RTGEN 206-500] Setting interface mode on port 'conv_2d_large_cl_1x1/input_107_V_V' to 'axis' (register, both mode).
INFO: [RTGEN 206-500] Setting interface mode on port 'conv_2d_large_cl_1x1/input_108_V_V' to 'axis' (register, both mode).
INFO: [RTGEN 206-500] Setting interface mode on port 'conv_2d_large_cl_1x1/input_109_V_V' to 'axis' (register, both mode).
INFO: [RTGEN 206-500] Setting interface mode on port 'conv_2d_large_cl_1x1/input_110_V_V' to 'axis' (register, both mode).
INFO: [RTGEN 206-500] Setting interface mode on port 'conv_2d_large_cl_1x1/input_111_V_V' to 'axis' (register, both mode).
INFO: [RTGEN 206-500] Setting interface mode on port 'conv_2d_large_cl_1x1/input_112_V_V' to 'axis' (register, both mode).
INFO: [RTGEN 206-500] Setting interface mode on port 'conv_2d_large_cl_1x1/input_113_V_V' to 'axis' (register, both mode).
INFO: [RTGEN 206-500] Setting interface mode on port 'conv_2d_large_cl_1x1/input_114_V_V' to 'axis' (register, both mode).
INFO: [RTGEN 206-500] Setting interface mode on port 'conv_2d_large_cl_1x1/input_115_V_V' to 'axis' (register, both mode).
INFO: [RTGEN 206-500] Setting interface mode on port 'conv_2d_large_cl_1x1/input_116_V_V' to 'axis' (register, both mode).
INFO: [RTGEN 206-500] Setting interface mode on port 'conv_2d_large_cl_1x1/input_117_V_V' to 'axis' (register, both mode).
INFO: [RTGEN 206-500] Setting interface mode on port 'conv_2d_large_cl_1x1/input_118_V_V' to 'axis' (register, both mode).
INFO: [RTGEN 206-500] Setting interface mode on port 'conv_2d_large_cl_1x1/input_119_V_V' to 'axis' (register, both mode).
INFO: [RTGEN 206-500] Setting interface mode on port 'conv_2d_large_cl_1x1/input_120_V_V' to 'axis' (register, both mode).
INFO: [RTGEN 206-500] Setting interface mode on port 'conv_2d_large_cl_1x1/input_121_V_V' to 'axis' (register, both mode).
INFO: [RTGEN 206-500] Setting interface mode on port 'conv_2d_large_cl_1x1/input_122_V_V' to 'axis' (register, both mode).
INFO: [RTGEN 206-500] Setting interface mode on port 'conv_2d_large_cl_1x1/input_123_V_V' to 'axis' (register, both mode).
INFO: [RTGEN 206-500] Setting interface mode on port 'conv_2d_large_cl_1x1/input_124_V_V' to 'axis' (register, both mode).
INFO: [RTGEN 206-500] Setting interface mode on port 'conv_2d_large_cl_1x1/input_125_V_V' to 'axis' (register, both mode).
INFO: [RTGEN 206-500] Setting interface mode on port 'conv_2d_large_cl_1x1/input_126_V_V' to 'axis' (register, both mode).
INFO: [RTGEN 206-500] Setting interface mode on port 'conv_2d_large_cl_1x1/input_127_V_V' to 'axis' (register, both mode).
INFO: [RTGEN 206-500] Setting interface mode on port 'conv_2d_large_cl_1x1/input_128_V_V' to 'axis' (register, both mode).
INFO: [RTGEN 206-500] Setting interface mode on port 'conv_2d_large_cl_1x1/input_129_V_V' to 'axis' (register, both mode).
INFO: [RTGEN 206-500] Setting interface mode on port 'conv_2d_large_cl_1x1/input_130_V_V' to 'axis' (register, both mode).
INFO: [RTGEN 206-500] Setting interface mode on port 'conv_2d_large_cl_1x1/input_131_V_V' to 'axis' (register, both mode).
INFO: [RTGEN 206-500] Setting interface mode on port 'conv_2d_large_cl_1x1/input_132_V_V' to 'axis' (register, both mode).
INFO: [RTGEN 206-500] Setting interface mode on port 'conv_2d_large_cl_1x1/input_133_V_V' to 'axis' (register, both mode).
INFO: [RTGEN 206-500] Setting interface mode on port 'conv_2d_large_cl_1x1/input_134_V_V' to 'axis' (register, both mode).
INFO: [RTGEN 206-500] Setting interface mode on port 'conv_2d_large_cl_1x1/input_135_V_V' to 'axis' (register, both mode).
INFO: [RTGEN 206-500] Setting interface mode on port 'conv_2d_large_cl_1x1/input_136_V_V' to 'axis' (register, both mode).
INFO: [RTGEN 206-500] Setting interface mode on port 'conv_2d_large_cl_1x1/input_137_V_V' to 'axis' (register, both mode).
INFO: [RTGEN 206-500] Setting interface mode on port 'conv_2d_large_cl_1x1/input_138_V_V' to 'axis' (register, both mode).
INFO: [RTGEN 206-500] Setting interface mode on port 'conv_2d_large_cl_1x1/input_139_V_V' to 'axis' (register, both mode).
INFO: [RTGEN 206-500] Setting interface mode on port 'conv_2d_large_cl_1x1/input_140_V_V' to 'axis' (register, both mode).
INFO: [RTGEN 206-500] Setting interface mode on port 'conv_2d_large_cl_1x1/input_141_V_V' to 'axis' (register, both mode).
INFO: [RTGEN 206-500] Setting interface mode on port 'conv_2d_large_cl_1x1/input_142_V_V' to 'axis' (register, both mode).
INFO: [RTGEN 206-500] Setting interface mode on port 'conv_2d_large_cl_1x1/input_143_V_V' to 'axis' (register, both mode).
INFO: [RTGEN 206-500] Setting interface mode on port 'conv_2d_large_cl_1x1/input_144_V_V' to 'axis' (register, both mode).
INFO: [RTGEN 206-500] Setting interface mode on port 'conv_2d_large_cl_1x1/input_145_V_V' to 'axis' (register, both mode).
INFO: [RTGEN 206-500] Setting interface mode on port 'conv_2d_large_cl_1x1/input_146_V_V' to 'axis' (register, both mode).
INFO: [RTGEN 206-500] Setting interface mode on port 'conv_2d_large_cl_1x1/input_147_V_V' to 'axis' (register, both mode).
INFO: [RTGEN 206-500] Setting interface mode on port 'conv_2d_large_cl_1x1/input_148_V_V' to 'axis' (register, both mode).
INFO: [RTGEN 206-500] Setting interface mode on port 'conv_2d_large_cl_1x1/input_149_V_V' to 'axis' (register, both mode).
INFO: [RTGEN 206-500] Setting interface mode on port 'conv_2d_large_cl_1x1/input_150_V_V' to 'axis' (register, both mode).
INFO: [RTGEN 206-500] Setting interface mode on port 'conv_2d_large_cl_1x1/input_151_V_V' to 'axis' (register, both mode).
INFO: [RTGEN 206-500] Setting interface mode on port 'conv_2d_large_cl_1x1/input_152_V_V' to 'axis' (register, both mode).
INFO: [RTGEN 206-500] Setting interface mode on port 'conv_2d_large_cl_1x1/input_153_V_V' to 'axis' (register, both mode).
INFO: [RTGEN 206-500] Setting interface mode on port 'conv_2d_large_cl_1x1/input_154_V_V' to 'axis' (register, both mode).
INFO: [RTGEN 206-500] Setting interface mode on port 'conv_2d_large_cl_1x1/input_155_V_V' to 'axis' (register, both mode).
INFO: [RTGEN 206-500] Setting interface mode on port 'conv_2d_large_cl_1x1/input_156_V_V' to 'axis' (register, both mode).
INFO: [RTGEN 206-500] Setting interface mode on port 'conv_2d_large_cl_1x1/input_157_V_V' to 'axis' (register, both mode).
INFO: [RTGEN 206-500] Setting interface mode on port 'conv_2d_large_cl_1x1/input_158_V_V' to 'axis' (register, both mode).
INFO: [RTGEN 206-500] Setting interface mode on port 'conv_2d_large_cl_1x1/input_159_V_V' to 'axis' (register, both mode).
INFO: [RTGEN 206-500] Setting interface mode on port 'conv_2d_large_cl_1x1/input_160_V_V' to 'axis' (register, both mode).
INFO: [RTGEN 206-500] Setting interface mode on port 'conv_2d_large_cl_1x1/input_161_V_V' to 'axis' (register, both mode).
INFO: [RTGEN 206-500] Setting interface mode on port 'conv_2d_large_cl_1x1/input_162_V_V' to 'axis' (register, both mode).
INFO: [RTGEN 206-500] Setting interface mode on port 'conv_2d_large_cl_1x1/input_163_V_V' to 'axis' (register, both mode).
INFO: [RTGEN 206-500] Setting interface mode on port 'conv_2d_large_cl_1x1/input_164_V_V' to 'axis' (register, both mode).
INFO: [RTGEN 206-500] Setting interface mode on port 'conv_2d_large_cl_1x1/input_165_V_V' to 'axis' (register, both mode).
INFO: [RTGEN 206-500] Setting interface mode on port 'conv_2d_large_cl_1x1/input_166_V_V' to 'axis' (register, both mode).
INFO: [RTGEN 206-500] Setting interface mode on port 'conv_2d_large_cl_1x1/input_167_V_V' to 'axis' (register, both mode).
INFO: [RTGEN 206-500] Setting interface mode on port 'conv_2d_large_cl_1x1/input_168_V_V' to 'axis' (register, both mode).
INFO: [RTGEN 206-500] Setting interface mode on port 'conv_2d_large_cl_1x1/input_169_V_V' to 'axis' (register, both mode).
INFO: [RTGEN 206-500] Setting interface mode on port 'conv_2d_large_cl_1x1/input_170_V_V' to 'axis' (register, both mode).
INFO: [RTGEN 206-500] Setting interface mode on port 'conv_2d_large_cl_1x1/input_171_V_V' to 'axis' (register, both mode).
INFO: [RTGEN 206-500] Setting interface mode on port 'conv_2d_large_cl_1x1/input_172_V_V' to 'axis' (register, both mode).
INFO: [RTGEN 206-500] Setting interface mode on port 'conv_2d_large_cl_1x1/input_173_V_V' to 'axis' (register, both mode).
INFO: [RTGEN 206-500] Setting interface mode on port 'conv_2d_large_cl_1x1/input_174_V_V' to 'axis' (register, both mode).
INFO: [RTGEN 206-500] Setting interface mode on port 'conv_2d_large_cl_1x1/input_175_V_V' to 'axis' (register, both mode).
INFO: [RTGEN 206-500] Setting interface mode on port 'conv_2d_large_cl_1x1/input_176_V_V' to 'axis' (register, both mode).
INFO: [RTGEN 206-500] Setting interface mode on port 'conv_2d_large_cl_1x1/input_177_V_V' to 'axis' (register, both mode).
INFO: [RTGEN 206-500] Setting interface mode on port 'conv_2d_large_cl_1x1/input_178_V_V' to 'axis' (register, both mode).
INFO: [RTGEN 206-500] Setting interface mode on port 'conv_2d_large_cl_1x1/input_179_V_V' to 'axis' (register, both mode).
INFO: [RTGEN 206-500] Setting interface mode on port 'conv_2d_large_cl_1x1/input_180_V_V' to 'axis' (register, both mode).
INFO: [RTGEN 206-500] Setting interface mode on port 'conv_2d_large_cl_1x1/input_181_V_V' to 'axis' (register, both mode).
INFO: [RTGEN 206-500] Setting interface mode on port 'conv_2d_large_cl_1x1/input_182_V_V' to 'axis' (register, both mode).
INFO: [RTGEN 206-500] Setting interface mode on port 'conv_2d_large_cl_1x1/input_183_V_V' to 'axis' (register, both mode).
INFO: [RTGEN 206-500] Setting interface mode on port 'conv_2d_large_cl_1x1/input_184_V_V' to 'axis' (register, both mode).
INFO: [RTGEN 206-500] Setting interface mode on port 'conv_2d_large_cl_1x1/input_185_V_V' to 'axis' (register, both mode).
INFO: [RTGEN 206-500] Setting interface mode on port 'conv_2d_large_cl_1x1/input_186_V_V' to 'axis' (register, both mode).
INFO: [RTGEN 206-500] Setting interface mode on port 'conv_2d_large_cl_1x1/input_187_V_V' to 'axis' (register, both mode).
INFO: [RTGEN 206-500] Setting interface mode on port 'conv_2d_large_cl_1x1/input_188_V_V' to 'axis' (register, both mode).
INFO: [RTGEN 206-500] Setting interface mode on port 'conv_2d_large_cl_1x1/input_189_V_V' to 'axis' (register, both mode).
INFO: [RTGEN 206-500] Setting interface mode on port 'conv_2d_large_cl_1x1/input_190_V_V' to 'axis' (register, both mode).
INFO: [RTGEN 206-500] Setting interface mode on port 'conv_2d_large_cl_1x1/input_191_V_V' to 'axis' (register, both mode).
INFO: [RTGEN 206-500] Setting interface mode on port 'conv_2d_large_cl_1x1/input_192_V_V' to 'axis' (register, both mode).
INFO: [RTGEN 206-500] Setting interface mode on port 'conv_2d_large_cl_1x1/input_193_V_V' to 'axis' (register, both mode).
INFO: [RTGEN 206-500] Setting interface mode on port 'conv_2d_large_cl_1x1/input_194_V_V' to 'axis' (register, both mode).
INFO: [RTGEN 206-500] Setting interface mode on port 'conv_2d_large_cl_1x1/input_195_V_V' to 'axis' (register, both mode).
INFO: [RTGEN 206-500] Setting interface mode on port 'conv_2d_large_cl_1x1/input_196_V_V' to 'axis' (register, both mode).
INFO: [RTGEN 206-500] Setting interface mode on port 'conv_2d_large_cl_1x1/input_197_V_V' to 'axis' (register, both mode).
INFO: [RTGEN 206-500] Setting interface mode on port 'conv_2d_large_cl_1x1/input_198_V_V' to 'axis' (register, both mode).
INFO: [RTGEN 206-500] Setting interface mode on port 'conv_2d_large_cl_1x1/input_199_V_V' to 'axis' (register, both mode).
INFO: [RTGEN 206-500] Setting interface mode on port 'conv_2d_large_cl_1x1/input_200_V_V' to 'axis' (register, both mode).
INFO: [RTGEN 206-500] Setting interface mode on port 'conv_2d_large_cl_1x1/input_201_V_V' to 'axis' (register, both mode).
INFO: [RTGEN 206-500] Setting interface mode on port 'conv_2d_large_cl_1x1/input_202_V_V' to 'axis' (register, both mode).
INFO: [RTGEN 206-500] Setting interface mode on port 'conv_2d_large_cl_1x1/input_203_V_V' to 'axis' (register, both mode).
INFO: [RTGEN 206-500] Setting interface mode on port 'conv_2d_large_cl_1x1/input_204_V_V' to 'axis' (register, both mode).
INFO: [RTGEN 206-500] Setting interface mode on port 'conv_2d_large_cl_1x1/input_205_V_V' to 'axis' (register, both mode).
INFO: [RTGEN 206-500] Setting interface mode on port 'conv_2d_large_cl_1x1/input_206_V_V' to 'axis' (register, both mode).
INFO: [RTGEN 206-500] Setting interface mode on port 'conv_2d_large_cl_1x1/input_207_V_V' to 'axis' (register, both mode).
INFO: [RTGEN 206-500] Setting interface mode on port 'conv_2d_large_cl_1x1/input_208_V_V' to 'axis' (register, both mode).
INFO: [RTGEN 206-500] Setting interface mode on port 'conv_2d_large_cl_1x1/input_209_V_V' to 'axis' (register, both mode).
INFO: [RTGEN 206-500] Setting interface mode on port 'conv_2d_large_cl_1x1/input_210_V_V' to 'axis' (register, both mode).
INFO: [RTGEN 206-500] Setting interface mode on port 'conv_2d_large_cl_1x1/input_211_V_V' to 'axis' (register, both mode).
INFO: [RTGEN 206-500] Setting interface mode on port 'conv_2d_large_cl_1x1/input_212_V_V' to 'axis' (register, both mode).
INFO: [RTGEN 206-500] Setting interface mode on port 'conv_2d_large_cl_1x1/input_213_V_V' to 'axis' (register, both mode).
INFO: [RTGEN 206-500] Setting interface mode on port 'conv_2d_large_cl_1x1/input_214_V_V' to 'axis' (register, both mode).
INFO: [RTGEN 206-500] Setting interface mode on port 'conv_2d_large_cl_1x1/input_215_V_V' to 'axis' (register, both mode).
INFO: [RTGEN 206-500] Setting interface mode on port 'conv_2d_large_cl_1x1/input_216_V_V' to 'axis' (register, both mode).
INFO: [RTGEN 206-500] Setting interface mode on port 'conv_2d_large_cl_1x1/input_217_V_V' to 'axis' (register, both mode).
INFO: [RTGEN 206-500] Setting interface mode on port 'conv_2d_large_cl_1x1/input_218_V_V' to 'axis' (register, both mode).
INFO: [RTGEN 206-500] Setting interface mode on port 'conv_2d_large_cl_1x1/input_219_V_V' to 'axis' (register, both mode).
INFO: [RTGEN 206-500] Setting interface mode on port 'conv_2d_large_cl_1x1/input_220_V_V' to 'axis' (register, both mode).
INFO: [RTGEN 206-500] Setting interface mode on port 'conv_2d_large_cl_1x1/input_221_V_V' to 'axis' (register, both mode).
INFO: [RTGEN 206-500] Setting interface mode on port 'conv_2d_large_cl_1x1/input_222_V_V' to 'axis' (register, both mode).
INFO: [RTGEN 206-500] Setting interface mode on port 'conv_2d_large_cl_1x1/input_223_V_V' to 'axis' (register, both mode).
INFO: [RTGEN 206-500] Setting interface mode on port 'conv_2d_large_cl_1x1/input_224_V_V' to 'axis' (register, both mode).
INFO: [RTGEN 206-500] Setting interface mode on port 'conv_2d_large_cl_1x1/input_225_V_V' to 'axis' (register, both mode).
INFO: [RTGEN 206-500] Setting interface mode on port 'conv_2d_large_cl_1x1/input_226_V_V' to 'axis' (register, both mode).
INFO: [RTGEN 206-500] Setting interface mode on port 'conv_2d_large_cl_1x1/input_227_V_V' to 'axis' (register, both mode).
INFO: [RTGEN 206-500] Setting interface mode on port 'conv_2d_large_cl_1x1/input_228_V_V' to 'axis' (register, both mode).
INFO: [RTGEN 206-500] Setting interface mode on port 'conv_2d_large_cl_1x1/input_229_V_V' to 'axis' (register, both mode).
INFO: [RTGEN 206-500] Setting interface mode on port 'conv_2d_large_cl_1x1/input_230_V_V' to 'axis' (register, both mode).
INFO: [RTGEN 206-500] Setting interface mode on port 'conv_2d_large_cl_1x1/input_231_V_V' to 'axis' (register, both mode).
INFO: [RTGEN 206-500] Setting interface mode on port 'conv_2d_large_cl_1x1/input_232_V_V' to 'axis' (register, both mode).
INFO: [RTGEN 206-500] Setting interface mode on port 'conv_2d_large_cl_1x1/input_233_V_V' to 'axis' (register, both mode).
INFO: [RTGEN 206-500] Setting interface mode on port 'conv_2d_large_cl_1x1/input_234_V_V' to 'axis' (register, both mode).
INFO: [RTGEN 206-500] Setting interface mode on port 'conv_2d_large_cl_1x1/input_235_V_V' to 'axis' (register, both mode).
INFO: [RTGEN 206-500] Setting interface mode on port 'conv_2d_large_cl_1x1/input_236_V_V' to 'axis' (register, both mode).
INFO: [RTGEN 206-500] Setting interface mode on port 'conv_2d_large_cl_1x1/input_237_V_V' to 'axis' (register, both mode).
INFO: [RTGEN 206-500] Setting interface mode on port 'conv_2d_large_cl_1x1/input_238_V_V' to 'axis' (register, both mode).
INFO: [RTGEN 206-500] Setting interface mode on port 'conv_2d_large_cl_1x1/input_239_V_V' to 'axis' (register, both mode).
INFO: [RTGEN 206-500] Setting interface mode on port 'conv_2d_large_cl_1x1/input_240_V_V' to 'axis' (register, both mode).
INFO: [RTGEN 206-500] Setting interface mode on port 'conv_2d_large_cl_1x1/input_241_V_V' to 'axis' (register, both mode).
INFO: [RTGEN 206-500] Setting interface mode on port 'conv_2d_large_cl_1x1/input_242_V_V' to 'axis' (register, both mode).
INFO: [RTGEN 206-500] Setting interface mode on port 'conv_2d_large_cl_1x1/input_243_V_V' to 'axis' (register, both mode).
INFO: [RTGEN 206-500] Setting interface mode on port 'conv_2d_large_cl_1x1/input_244_V_V' to 'axis' (register, both mode).
INFO: [RTGEN 206-500] Setting interface mode on port 'conv_2d_large_cl_1x1/input_245_V_V' to 'axis' (register, both mode).
INFO: [RTGEN 206-500] Setting interface mode on port 'conv_2d_large_cl_1x1/input_246_V_V' to 'axis' (register, both mode).
INFO: [RTGEN 206-500] Setting interface mode on port 'conv_2d_large_cl_1x1/input_247_V_V' to 'axis' (register, both mode).
INFO: [RTGEN 206-500] Setting interface mode on port 'conv_2d_large_cl_1x1/input_248_V_V' to 'axis' (register, both mode).
INFO: [RTGEN 206-500] Setting interface mode on port 'conv_2d_large_cl_1x1/input_249_V_V' to 'axis' (register, both mode).
INFO: [RTGEN 206-500] Setting interface mode on port 'conv_2d_large_cl_1x1/input_250_V_V' to 'axis' (register, both mode).
INFO: [RTGEN 206-500] Setting interface mode on port 'conv_2d_large_cl_1x1/input_251_V_V' to 'axis' (register, both mode).
INFO: [RTGEN 206-500] Setting interface mode on port 'conv_2d_large_cl_1x1/input_252_V_V' to 'axis' (register, both mode).
INFO: [RTGEN 206-500] Setting interface mode on port 'conv_2d_large_cl_1x1/input_253_V_V' to 'axis' (register, both mode).
INFO: [RTGEN 206-500] Setting interface mode on port 'conv_2d_large_cl_1x1/input_254_V_V' to 'axis' (register, both mode).
INFO: [RTGEN 206-500] Setting interface mode on port 'conv_2d_large_cl_1x1/input_255_V_V' to 'axis' (register, both mode).
INFO: [RTGEN 206-500] Setting interface mode on port 'conv_2d_large_cl_1x1/input_256_V_V' to 'axis' (register, both mode).
INFO: [RTGEN 206-500] Setting interface mode on port 'conv_2d_large_cl_1x1/output_0_V_V' to 'axis' (register, both mode).
INFO: [RTGEN 206-500] Setting interface mode on port 'conv_2d_large_cl_1x1/output_1_V_V' to 'axis' (register, both mode).
INFO: [RTGEN 206-500] Setting interface mode on port 'conv_2d_large_cl_1x1/output_2_V_V' to 'axis' (register, both mode).
INFO: [RTGEN 206-500] Setting interface mode on port 'conv_2d_large_cl_1x1/output_3_V_V' to 'axis' (register, both mode).
INFO: [RTGEN 206-500] Setting interface mode on port 'conv_2d_large_cl_1x1/output_4_V_V' to 'axis' (register, both mode).
INFO: [RTGEN 206-500] Setting interface mode on port 'conv_2d_large_cl_1x1/output_5_V_V' to 'axis' (register, both mode).
INFO: [RTGEN 206-500] Setting interface mode on port 'conv_2d_large_cl_1x1/output_6_V_V' to 'axis' (register, both mode).
INFO: [RTGEN 206-500] Setting interface mode on port 'conv_2d_large_cl_1x1/output_7_V_V' to 'axis' (register, both mode).
INFO: [RTGEN 206-500] Setting interface mode on port 'conv_2d_large_cl_1x1/output_8_V_V' to 'axis' (register, both mode).
INFO: [RTGEN 206-500] Setting interface mode on port 'conv_2d_large_cl_1x1/output_9_V_V' to 'axis' (register, both mode).
INFO: [RTGEN 206-500] Setting interface mode on port 'conv_2d_large_cl_1x1/output_10_V_V' to 'axis' (register, both mode).
INFO: [RTGEN 206-500] Setting interface mode on port 'conv_2d_large_cl_1x1/output_11_V_V' to 'axis' (register, both mode).
INFO: [RTGEN 206-500] Setting interface mode on port 'conv_2d_large_cl_1x1/output_12_V_V' to 'axis' (register, both mode).
INFO: [RTGEN 206-500] Setting interface mode on port 'conv_2d_large_cl_1x1/output_13_V_V' to 'axis' (register, both mode).
INFO: [RTGEN 206-500] Setting interface mode on port 'conv_2d_large_cl_1x1/output_14_V_V' to 'axis' (register, both mode).
INFO: [RTGEN 206-500] Setting interface mode on port 'conv_2d_large_cl_1x1/output_15_V_V' to 'axis' (register, both mode).
INFO: [RTGEN 206-500] Setting interface mode on port 'conv_2d_large_cl_1x1/output_16_V_V' to 'axis' (register, both mode).
INFO: [RTGEN 206-500] Setting interface mode on port 'conv_2d_large_cl_1x1/output_17_V_V' to 'axis' (register, both mode).
INFO: [RTGEN 206-500] Setting interface mode on port 'conv_2d_large_cl_1x1/output_18_V_V' to 'axis' (register, both mode).
INFO: [RTGEN 206-500] Setting interface mode on port 'conv_2d_large_cl_1x1/output_19_V_V' to 'axis' (register, both mode).
INFO: [RTGEN 206-500] Setting interface mode on port 'conv_2d_large_cl_1x1/output_20_V_V' to 'axis' (register, both mode).
INFO: [RTGEN 206-500] Setting interface mode on port 'conv_2d_large_cl_1x1/output_21_V_V' to 'axis' (register, both mode).
INFO: [RTGEN 206-500] Setting interface mode on port 'conv_2d_large_cl_1x1/output_22_V_V' to 'axis' (register, both mode).
INFO: [RTGEN 206-500] Setting interface mode on port 'conv_2d_large_cl_1x1/output_23_V_V' to 'axis' (register, both mode).
INFO: [RTGEN 206-500] Setting interface mode on port 'conv_2d_large_cl_1x1/output_24_V_V' to 'axis' (register, both mode).
INFO: [RTGEN 206-500] Setting interface mode on port 'conv_2d_large_cl_1x1/output_25_V_V' to 'axis' (register, both mode).
INFO: [RTGEN 206-500] Setting interface mode on port 'conv_2d_large_cl_1x1/output_26_V_V' to 'axis' (register, both mode).
INFO: [RTGEN 206-500] Setting interface mode on port 'conv_2d_large_cl_1x1/output_27_V_V' to 'axis' (register, both mode).
INFO: [RTGEN 206-500] Setting interface mode on port 'conv_2d_large_cl_1x1/output_28_V_V' to 'axis' (register, both mode).
INFO: [RTGEN 206-500] Setting interface mode on port 'conv_2d_large_cl_1x1/output_29_V_V' to 'axis' (register, both mode).
INFO: [RTGEN 206-500] Setting interface mode on port 'conv_2d_large_cl_1x1/output_30_V_V' to 'axis' (register, both mode).
INFO: [RTGEN 206-500] Setting interface mode on port 'conv_2d_large_cl_1x1/output_31_V_V' to 'axis' (register, both mode).
INFO: [RTGEN 206-500] Setting interface mode on port 'conv_2d_large_cl_1x1/output_32_V_V' to 'axis' (register, both mode).
INFO: [RTGEN 206-500] Setting interface mode on port 'conv_2d_large_cl_1x1/output_33_V_V' to 'axis' (register, both mode).
INFO: [RTGEN 206-500] Setting interface mode on port 'conv_2d_large_cl_1x1/output_34_V_V' to 'axis' (register, both mode).
INFO: [RTGEN 206-500] Setting interface mode on port 'conv_2d_large_cl_1x1/output_35_V_V' to 'axis' (register, both mode).
INFO: [RTGEN 206-500] Setting interface mode on port 'conv_2d_large_cl_1x1/output_36_V_V' to 'axis' (register, both mode).
INFO: [RTGEN 206-500] Setting interface mode on port 'conv_2d_large_cl_1x1/output_37_V_V' to 'axis' (register, both mode).
INFO: [RTGEN 206-500] Setting interface mode on port 'conv_2d_large_cl_1x1/output_38_V_V' to 'axis' (register, both mode).
INFO: [RTGEN 206-500] Setting interface mode on port 'conv_2d_large_cl_1x1/output_39_V_V' to 'axis' (register, both mode).
INFO: [RTGEN 206-500] Setting interface mode on port 'conv_2d_large_cl_1x1/output_40_V_V' to 'axis' (register, both mode).
INFO: [RTGEN 206-500] Setting interface mode on port 'conv_2d_large_cl_1x1/output_41_V_V' to 'axis' (register, both mode).
INFO: [RTGEN 206-500] Setting interface mode on port 'conv_2d_large_cl_1x1/output_42_V_V' to 'axis' (register, both mode).
INFO: [RTGEN 206-500] Setting interface mode on port 'conv_2d_large_cl_1x1/output_43_V_V' to 'axis' (register, both mode).
INFO: [RTGEN 206-500] Setting interface mode on port 'conv_2d_large_cl_1x1/output_44_V_V' to 'axis' (register, both mode).
INFO: [RTGEN 206-500] Setting interface mode on port 'conv_2d_large_cl_1x1/output_45_V_V' to 'axis' (register, both mode).
INFO: [RTGEN 206-500] Setting interface mode on port 'conv_2d_large_cl_1x1/output_46_V_V' to 'axis' (register, both mode).
INFO: [RTGEN 206-500] Setting interface mode on port 'conv_2d_large_cl_1x1/output_47_V_V' to 'axis' (register, both mode).
INFO: [RTGEN 206-500] Setting interface mode on port 'conv_2d_large_cl_1x1/output_48_V_V' to 'axis' (register, both mode).
INFO: [RTGEN 206-500] Setting interface mode on port 'conv_2d_large_cl_1x1/output_49_V_V' to 'axis' (register, both mode).
INFO: [RTGEN 206-500] Setting interface mode on port 'conv_2d_large_cl_1x1/output_50_V_V' to 'axis' (register, both mode).
INFO: [RTGEN 206-500] Setting interface mode on port 'conv_2d_large_cl_1x1/output_51_V_V' to 'axis' (register, both mode).
INFO: [RTGEN 206-500] Setting interface mode on port 'conv_2d_large_cl_1x1/output_52_V_V' to 'axis' (register, both mode).
INFO: [RTGEN 206-500] Setting interface mode on port 'conv_2d_large_cl_1x1/output_53_V_V' to 'axis' (register, both mode).
INFO: [RTGEN 206-500] Setting interface mode on port 'conv_2d_large_cl_1x1/output_54_V_V' to 'axis' (register, both mode).
INFO: [RTGEN 206-500] Setting interface mode on port 'conv_2d_large_cl_1x1/output_55_V_V' to 'axis' (register, both mode).
INFO: [RTGEN 206-500] Setting interface mode on port 'conv_2d_large_cl_1x1/output_56_V_V' to 'axis' (register, both mode).
INFO: [RTGEN 206-500] Setting interface mode on port 'conv_2d_large_cl_1x1/output_57_V_V' to 'axis' (register, both mode).
INFO: [RTGEN 206-500] Setting interface mode on port 'conv_2d_large_cl_1x1/output_58_V_V' to 'axis' (register, both mode).
INFO: [RTGEN 206-500] Setting interface mode on port 'conv_2d_large_cl_1x1/output_59_V_V' to 'axis' (register, both mode).
INFO: [RTGEN 206-500] Setting interface mode on port 'conv_2d_large_cl_1x1/output_60_V_V' to 'axis' (register, both mode).
INFO: [RTGEN 206-500] Setting interface mode on port 'conv_2d_large_cl_1x1/output_61_V_V' to 'axis' (register, both mode).
INFO: [RTGEN 206-500] Setting interface mode on port 'conv_2d_large_cl_1x1/output_62_V_V' to 'axis' (register, both mode).
INFO: [RTGEN 206-500] Setting interface mode on port 'conv_2d_large_cl_1x1/output_63_V_V' to 'axis' (register, both mode).
INFO: [RTGEN 206-500] Setting interface mode on port 'conv_2d_large_cl_1x1/output_64_V_V' to 'axis' (register, both mode).
INFO: [RTGEN 206-500] Setting interface mode on function 'conv_2d_large_cl_1x1' to 'ap_ctrl_none'.
INFO: [HLS 200-633] Setting ap_ctrl_none interface for conv_2d_large_cl_1x1
INFO: [RTGEN 206-100] Finished creating RTL model for 'conv_2d_large_cl_1x1'.
INFO: [HLS 200-111]  Elapsed time: 3.63 seconds; current allocated memory: 386.839 MB.
INFO: [RTMG 210-279] Implementing memory 'layer28_dense_large_rf_leq_n_w28_V_rom' using auto ROMs.
INFO: [HLS 200-111] Finished generating all RTL models Time (s): cpu = 00:02:54 ; elapsed = 00:03:08 . Memory (MB): peak = 1236.027 ; gain = 537.391 ; free physical = 15039 ; free virtual = 79455
INFO: [VHDL 208-304] Generating VHDL RTL for conv_2d_large_cl_1x1 with prefix layer28_.
INFO: [VLOG 209-307] Generating Verilog RTL for conv_2d_large_cl_1x1 with prefix layer28_.
INFO: [IMPL 213-8] Exporting RTL as a Vivado IP.

****** Vivado v2019.1.3 (64-bit)
  **** SW Build 2644227 on Wed Sep  4 09:44:18 MDT 2019
  **** IP Build 2633630 on Wed Sep  4 12:30:14 MDT 2019
    ** Copyright 1986-2019 Xilinx, Inc. All Rights Reserved.

source run_ippack.tcl -notrace
INFO: [IP_Flow 19-234] Refreshing IP repositories
INFO: [IP_Flow 19-1704] No user IP repositories specified
INFO: [IP_Flow 19-2313] Loaded Vivado IP repository '/opt/Xilinx/Vivado/2019.1/data/ip'.
INFO: [Common 17-206] Exiting Vivado at Fri Jun  5 16:01:39 2020...
INFO: [HLS 200-112] Total elapsed time: 219.68 seconds; peak allocated memory: 386.839 MB.
INFO: [Common 17-206] Exiting vivado_hls at Fri Jun  5 16:01:39 2020...
