
****** Vivado(TM) HLS - High-Level Synthesis from C, C++ and SystemC v2019.1.3 (64-bit)
  **** SW Build 2644227 on Wed Sep  4 09:44:18 MDT 2019
  **** IP Build 2633630 on Wed Sep  4 12:30:14 MDT 2019
    ** Copyright 1986-2019 Xilinx, Inc. All Rights Reserved.

source /opt/Xilinx/Vivado/2019.1/scripts/vivado_hls/hls.tcl -notrace
INFO: [HLS 200-10] Running '/opt/Xilinx/Vivado/2019.1/bin/unwrapped/lnx64.o/vivado_hls'
INFO: [HLS 200-10] For user 'tarafdar' on host 'localhost' (Linux_x86_64 version 4.4.0-159-generic) on Fri Jun 05 21:33:29 UTC 2020
INFO: [HLS 200-10] On os Ubuntu 16.04.6 LTS
INFO: [HLS 200-10] In directory '/home/tarafdar/workDir/reproducability/AIgean/examples/resnet50/ips/layer122'
Sourcing Tcl script './synth.tcl'
INFO: [HLS 200-10] Creating and opening project '/home/tarafdar/workDir/reproducability/galapagos/userIP/hls_projects/resnet_layer122'.
INFO: [HLS 200-10] Creating and opening solution '/home/tarafdar/workDir/reproducability/galapagos/userIP/hls_projects/resnet_layer122/solution1'.
WARNING: [HLS 200-483] The 'config_rtl -prefix' command is deprecated and will be removed in a future release. Use 'config_rtl -module_prefix' as its replacement.
INFO: [HLS 200-10] Setting target device to 'xczu19eg-ffvc1760-2-i'
INFO: [HLS 200-10] Adding design file '/home/tarafdar/workDir/reproducability/AIgean/examples/resnet50/ips/layer122/../srcs/conv_2d_large_cl_1x1_port.cpp' to the project
INFO: [SYN 201-201] Setting up clock 'default' with a period of 4ns.
INFO: [SCHED 204-61] Option 'relax_ii_for_timing' is enabled, will increase II to preserve clock frequency constraints.
INFO: [HLS 200-10] Analyzing design file '/home/tarafdar/workDir/reproducability/AIgean/examples/resnet50/ips/layer122/../srcs/conv_2d_large_cl_1x1_port.cpp' ... 
WARNING: [HLS 214-114] Since the only kind of statements allowed in a dataflow region are variable declarations and function calls, the compiler may not be able to correctly handle the region: /home/tarafdar/workDir/reproducability/AIgean/examples/resnet50/ips/layer122/../../../../../hls4ml/example-models/resnet50-hls-full_v2/firmware/nnet_utils/nnet_dense.h:140:9
WARNING: [HLS 214-104] Only for-loops and functions support the dataflow: /home/tarafdar/workDir/reproducability/AIgean/examples/resnet50/ips/layer122/../../../../../hls4ml/example-models/resnet50-hls-full_v2/firmware/nnet_utils/nnet_dense.h:152:9
WARNING: [HLS 214-104] Only for-loops and functions support the dataflow: /home/tarafdar/workDir/reproducability/AIgean/examples/resnet50/ips/layer122/../../../../../hls4ml/example-models/resnet50-hls-full_v2/firmware/nnet_utils/nnet_batchnorm.h:76:9
WARNING: [HLS 214-111] Static scalars and arrays declared inside a dataflow region will be treated like local variables: /home/tarafdar/workDir/reproducability/AIgean/examples/resnet50/ips/layer122/../../../../../hls4ml/example-models/resnet50-hls-full_v2/firmware/nnet_utils/nnet_conv2d_large.h:474:24
WARNING: [HLS 214-114] Since the only kind of statements allowed in a dataflow region are variable declarations and function calls, the compiler may not be able to correctly handle the region: /home/tarafdar/workDir/reproducability/AIgean/examples/resnet50/ips/layer122/../../kernel_headers/_conv_2d_large_cl_1x1.hpp:40:2
WARNING: [HLS 214-113] Either use an argument of the function or declare the variable inside the dataflow loop body: /home/tarafdar/workDir/reproducability/AIgean/examples/resnet50/ips/layer122/../srcs/conv_2d_large_cl_1x1_port.cpp:20:95
WARNING: [HLS 200-471] Dataflow form checks found 6 issue(s) in file /home/tarafdar/workDir/reproducability/AIgean/examples/resnet50/ips/layer122/../srcs/conv_2d_large_cl_1x1_port.cpp
