
****** Vivado(TM) HLS - High-Level Synthesis from C, C++ and SystemC v2019.1.3 (64-bit)
  **** SW Build 2644227 on Wed Sep  4 09:44:18 MDT 2019
  **** IP Build 2633630 on Wed Sep  4 12:30:14 MDT 2019
    ** Copyright 1986-2019 Xilinx, Inc. All Rights Reserved.

source /opt/Xilinx/Vivado/2019.1/scripts/vivado_hls/hls.tcl -notrace
INFO: [HLS 200-10] Running '/opt/Xilinx/Vivado/2019.1/bin/unwrapped/lnx64.o/vivado_hls'
INFO: [HLS 200-10] For user 'tarafdar' on host 'localhost' (Linux_x86_64 version 4.4.0-159-generic) on Thu Jun 04 02:28:25 UTC 2020
INFO: [HLS 200-10] On os Ubuntu 16.04.6 LTS
INFO: [HLS 200-10] In directory '/home/tarafdar/workDir/reproducability/AIgean/examples/resnet50/ips/layer177'
Sourcing Tcl script './synth.tcl'
INFO: [HLS 200-10] Creating and opening project '/home/tarafdar/workDir/reproducability/galapagos/userIP/hls_projects/resnet_layer177'.
INFO: [HLS 200-10] Creating and opening solution '/home/tarafdar/workDir/reproducability/galapagos/userIP/hls_projects/resnet_layer177/solution1'.
WARNING: [HLS 200-483] The 'config_rtl -prefix' command is deprecated and will be removed in a future release. Use 'config_rtl -module_prefix' as its replacement.
INFO: [HLS 200-10] Setting target device to 'xczu19eg-ffvc1760-2-i'
INFO: [HLS 200-10] Adding design file '/home/tarafdar/workDir/reproducability/AIgean/examples/resnet50/ips/layer177/../srcs/nnet_split.cpp' to the project
INFO: [SYN 201-201] Setting up clock 'default' with a period of 4ns.
INFO: [SCHED 204-61] Option 'relax_ii_for_timing' is enabled, will increase II to preserve clock frequency constraints.
INFO: [HLS 200-10] Analyzing design file '/home/tarafdar/workDir/reproducability/AIgean/examples/resnet50/ips/layer177/../srcs/nnet_split.cpp' ... 
WARNING: [HLS 214-114] Since the only kind of statements allowed in a dataflow region are variable declarations and function calls, the compiler may not be able to correctly handle the region: /home/tarafdar/workDir/reproducability/AIgean/examples/resnet50/ips/layer177/../../../../../hls4ml/example-models/resnet50-hls-full_v2/firmware/nnet_utils/nnet_dense.h:140:9
WARNING: [HLS 214-104] Only for-loops and functions support the dataflow: /home/tarafdar/workDir/reproducability/AIgean/examples/resnet50/ips/layer177/../../../../../hls4ml/example-models/resnet50-hls-full_v2/firmware/nnet_utils/nnet_dense.h:152:9
WARNING: [HLS 214-104] Only for-loops and functions support the dataflow: /home/tarafdar/workDir/reproducability/AIgean/examples/resnet50/ips/layer177/../../../../../hls4ml/example-models/resnet50-hls-full_v2/firmware/nnet_utils/nnet_batchnorm.h:76:9
WARNING: [HLS 214-111] Static scalars and arrays declared inside a dataflow region will be treated like local variables: /home/tarafdar/workDir/reproducability/AIgean/examples/resnet50/ips/layer177/../../../../../hls4ml/example-models/resnet50-hls-full_v2/firmware/nnet_utils/nnet_conv2d_large.h:474:24
WARNING: [HLS 200-471] Dataflow form checks found 4 issue(s) in file /home/tarafdar/workDir/reproducability/AIgean/examples/resnet50/ips/layer177/../srcs/nnet_split.cpp
INFO: [HLS 200-111] Finished Linking Time (s): cpu = 00:06:10 ; elapsed = 00:06:17 . Memory (MB): peak = 890.637 ; gain = 192.000 ; free physical = 18930 ; free virtual = 109005
INFO: [HLS 200-111] Finished Checking Pragmas Time (s): cpu = 00:06:10 ; elapsed = 00:06:17 . Memory (MB): peak = 890.637 ; gain = 192.000 ; free physical = 18930 ; free virtual = 109005
INFO: [HLS 200-10] Starting code transformations ...
INFO: [HLS 200-111] Finished Standard Transforms Time (s): cpu = 00:06:12 ; elapsed = 00:06:18 . Memory (MB): peak = 890.637 ; gain = 192.000 ; free physical = 18926 ; free virtual = 109003
INFO: [HLS 200-10] Checking synthesizability ...
INFO: [HLS 200-111] Finished Checking Synthesizability Time (s): cpu = 00:06:12 ; elapsed = 00:06:18 . Memory (MB): peak = 890.637 ; gain = 192.000 ; free physical = 18925 ; free virtual = 109002
INFO: [HLS 200-489] Unrolling loop 'Loop-1' (/home/tarafdar/workDir/reproducability/AIgean/examples/resnet50/ips/layer177/../../../../../hls4ml/example-models/resnet50-hls-full_v2/firmware/nnet_utils/nnet_merge.h:83) in function 'nnet::split<ap_uint<8>, ap_uint<8>, config177>' completely with a factor of 65.
INFO: [XFORM 203-102] Automatically partitioning streamed array 'input.V.V' (/home/tarafdar/workDir/reproducability/AIgean/examples/resnet50/ips/layer177/../srcs/nnet_split.cpp:8) .
INFO: [XFORM 203-102] Automatically partitioning streamed array 'output_1.V.V' (/home/tarafdar/workDir/reproducability/AIgean/examples/resnet50/ips/layer177/../srcs/nnet_split.cpp:9) .
INFO: [XFORM 203-102] Automatically partitioning streamed array 'output_2.V.V' (/home/tarafdar/workDir/reproducability/AIgean/examples/resnet50/ips/layer177/../srcs/nnet_split.cpp:10) .
INFO: [XFORM 203-101] Partitioning array 'input.V.V' (/home/tarafdar/workDir/reproducability/AIgean/examples/resnet50/ips/layer177/../srcs/nnet_split.cpp:8) in dimension 1 completely.
INFO: [XFORM 203-101] Partitioning array 'output_1.V.V' (/home/tarafdar/workDir/reproducability/AIgean/examples/resnet50/ips/layer177/../srcs/nnet_split.cpp:9) in dimension 1 completely.
INFO: [XFORM 203-101] Partitioning array 'output_2.V.V' (/home/tarafdar/workDir/reproducability/AIgean/examples/resnet50/ips/layer177/../srcs/nnet_split.cpp:10) in dimension 1 completely.
INFO: [XFORM 203-712] Applying dataflow to function 'nnet_split', detected/extracted 1 process function(s): 
	 '_split<ap_uint<8>, ap_uint<8>, config177, 65>'.
INFO: [HLS 200-111] Finished Pre-synthesis Time (s): cpu = 00:06:19 ; elapsed = 00:06:26 . Memory (MB): peak = 891.059 ; gain = 192.422 ; free physical = 18903 ; free virtual = 108982
WARNING: [XFORM 203-631] Renaming function 'nnet::split<ap_uint<8>, ap_uint<8>, config177>' to 'split' (/home/tarafdar/workDir/reproducability/AIgean/examples/resnet50/ips/layer177/../../../../../hls4ml/example-models/resnet50-hls-full_v2/firmware/nnet_utils/nnet_merge.h:85:1)
WARNING: [XFORM 203-631] Renaming function '_split<ap_uint<8>, ap_uint<8>, config177, 65>' to '_split' (/home/tarafdar/workDir/reproducability/AIgean/examples/resnet50/ips/layer177/../../kernel_headers/_split.hpp:20:1)
INFO: [HLS 200-111] Finished Architecture Synthesis Time (s): cpu = 00:06:25 ; elapsed = 00:06:32 . Memory (MB): peak = 891.059 ; gain = 192.422 ; free physical = 18881 ; free virtual = 108960
INFO: [HLS 200-10] Starting hardware synthesis ...
INFO: [HLS 200-10] Synthesizing 'nnet_split' ...
WARNING: [SYN 201-103] Legalizing function name '_split' to 'p_split'.
INFO: [HLS 200-10] ----------------------------------------------------------------
INFO: [HLS 200-42] -- Implementing module 'split' 
INFO: [HLS 200-10] ----------------------------------------------------------------
INFO: [SCHED 204-11] Starting scheduling ...
INFO: [SCHED 204-11] Finished scheduling.
INFO: [HLS 200-111]  Elapsed time: 391.87 seconds; current allocated memory: 169.193 MB.
INFO: [BIND 205-100] Starting micro-architecture generation ...
INFO: [BIND 205-101] Performing variable lifetime analysis.
INFO: [BIND 205-101] Exploring resource sharing.
INFO: [BIND 205-101] Binding ...
INFO: [BIND 205-100] Finished micro-architecture generation.
INFO: [HLS 200-111]  Elapsed time: 0.13 seconds; current allocated memory: 171.269 MB.
INFO: [HLS 200-10] ----------------------------------------------------------------
INFO: [HLS 200-42] -- Implementing module 'p_split' 
INFO: [HLS 200-10] ----------------------------------------------------------------
INFO: [SCHED 204-11] Starting scheduling ...
INFO: [SCHED 204-11] Finished scheduling.
INFO: [HLS 200-111]  Elapsed time: 0.14 seconds; current allocated memory: 171.626 MB.
INFO: [BIND 205-100] Starting micro-architecture generation ...
INFO: [BIND 205-101] Performing variable lifetime analysis.
INFO: [BIND 205-101] Exploring resource sharing.
INFO: [BIND 205-101] Binding ...
INFO: [BIND 205-100] Finished micro-architecture generation.
INFO: [HLS 200-111]  Elapsed time: 0.09 seconds; current allocated memory: 173.227 MB.
INFO: [HLS 200-10] ----------------------------------------------------------------
INFO: [HLS 200-42] -- Implementing module 'nnet_split' 
INFO: [HLS 200-10] ----------------------------------------------------------------
INFO: [SCHED 204-11] Starting scheduling ...
INFO: [SCHED 204-11] Finished scheduling.
INFO: [HLS 200-111]  Elapsed time: 0.11 seconds; current allocated memory: 173.796 MB.
INFO: [BIND 205-100] Starting micro-architecture generation ...
INFO: [BIND 205-101] Performing variable lifetime analysis.
INFO: [BIND 205-101] Exploring resource sharing.
INFO: [BIND 205-101] Binding ...
INFO: [BIND 205-100] Finished micro-architecture generation.
INFO: [HLS 200-111]  Elapsed time: 0.16 seconds; current allocated memory: 175.669 MB.
INFO: [HLS 200-10] ----------------------------------------------------------------
INFO: [HLS 200-10] -- Generating RTL for module 'split' 
INFO: [HLS 200-10] ----------------------------------------------------------------
INFO: [RTGEN 206-100] Finished creating RTL model for 'split'.
INFO: [HLS 200-111]  Elapsed time: 0.34 seconds; current allocated memory: 178.345 MB.
INFO: [HLS 200-10] ----------------------------------------------------------------
INFO: [HLS 200-10] -- Generating RTL for module 'p_split' 
INFO: [HLS 200-10] ----------------------------------------------------------------
INFO: [RTGEN 206-100] Finished creating RTL model for 'p_split'.
INFO: [HLS 200-111]  Elapsed time: 1.45 seconds; current allocated memory: 202.899 MB.
INFO: [HLS 200-10] ----------------------------------------------------------------
INFO: [HLS 200-10] -- Generating RTL for module 'nnet_split' 
INFO: [HLS 200-10] ----------------------------------------------------------------
INFO: [RTGEN 206-500] Setting interface mode on port 'nnet_split/input_0_V_V' to 'axis'.
INFO: [RTGEN 206-500] Setting interface mode on port 'nnet_split/input_1_V_V' to 'axis' (register, both mode).
INFO: [RTGEN 206-500] Setting interface mode on port 'nnet_split/input_2_V_V' to 'axis' (register, both mode).
INFO: [RTGEN 206-500] Setting interface mode on port 'nnet_split/input_3_V_V' to 'axis' (register, both mode).
INFO: [RTGEN 206-500] Setting interface mode on port 'nnet_split/input_4_V_V' to 'axis' (register, both mode).
INFO: [RTGEN 206-500] Setting interface mode on port 'nnet_split/input_5_V_V' to 'axis' (register, both mode).
INFO: [RTGEN 206-500] Setting interface mode on port 'nnet_split/input_6_V_V' to 'axis' (register, both mode).
INFO: [RTGEN 206-500] Setting interface mode on port 'nnet_split/input_7_V_V' to 'axis' (register, both mode).
INFO: [RTGEN 206-500] Setting interface mode on port 'nnet_split/input_8_V_V' to 'axis' (register, both mode).
INFO: [RTGEN 206-500] Setting interface mode on port 'nnet_split/input_9_V_V' to 'axis' (register, both mode).
INFO: [RTGEN 206-500] Setting interface mode on port 'nnet_split/input_10_V_V' to 'axis' (register, both mode).
INFO: [RTGEN 206-500] Setting interface mode on port 'nnet_split/input_11_V_V' to 'axis' (register, both mode).
INFO: [RTGEN 206-500] Setting interface mode on port 'nnet_split/input_12_V_V' to 'axis' (register, both mode).
INFO: [RTGEN 206-500] Setting interface mode on port 'nnet_split/input_13_V_V' to 'axis' (register, both mode).
INFO: [RTGEN 206-500] Setting interface mode on port 'nnet_split/input_14_V_V' to 'axis' (register, both mode).
INFO: [RTGEN 206-500] Setting interface mode on port 'nnet_split/input_15_V_V' to 'axis' (register, both mode).
INFO: [RTGEN 206-500] Setting interface mode on port 'nnet_split/input_16_V_V' to 'axis' (register, both mode).
INFO: [RTGEN 206-500] Setting interface mode on port 'nnet_split/input_17_V_V' to 'axis' (register, both mode).
INFO: [RTGEN 206-500] Setting interface mode on port 'nnet_split/input_18_V_V' to 'axis' (register, both mode).
INFO: [RTGEN 206-500] Setting interface mode on port 'nnet_split/input_19_V_V' to 'axis' (register, both mode).
INFO: [RTGEN 206-500] Setting interface mode on port 'nnet_split/input_20_V_V' to 'axis' (register, both mode).
INFO: [RTGEN 206-500] Setting interface mode on port 'nnet_split/input_21_V_V' to 'axis' (register, both mode).
INFO: [RTGEN 206-500] Setting interface mode on port 'nnet_split/input_22_V_V' to 'axis' (register, both mode).
INFO: [RTGEN 206-500] Setting interface mode on port 'nnet_split/input_23_V_V' to 'axis' (register, both mode).
INFO: [RTGEN 206-500] Setting interface mode on port 'nnet_split/input_24_V_V' to 'axis' (register, both mode).
INFO: [RTGEN 206-500] Setting interface mode on port 'nnet_split/input_25_V_V' to 'axis' (register, both mode).
INFO: [RTGEN 206-500] Setting interface mode on port 'nnet_split/input_26_V_V' to 'axis' (register, both mode).
INFO: [RTGEN 206-500] Setting interface mode on port 'nnet_split/input_27_V_V' to 'axis' (register, both mode).
INFO: [RTGEN 206-500] Setting interface mode on port 'nnet_split/input_28_V_V' to 'axis' (register, both mode).
INFO: [RTGEN 206-500] Setting interface mode on port 'nnet_split/input_29_V_V' to 'axis' (register, both mode).
INFO: [RTGEN 206-500] Setting interface mode on port 'nnet_split/input_30_V_V' to 'axis' (register, both mode).
INFO: [RTGEN 206-500] Setting interface mode on port 'nnet_split/input_31_V_V' to 'axis' (register, both mode).
INFO: [RTGEN 206-500] Setting interface mode on port 'nnet_split/input_32_V_V' to 'axis' (register, both mode).
INFO: [RTGEN 206-500] Setting interface mode on port 'nnet_split/input_33_V_V' to 'axis' (register, both mode).
INFO: [RTGEN 206-500] Setting interface mode on port 'nnet_split/input_34_V_V' to 'axis' (register, both mode).
INFO: [RTGEN 206-500] Setting interface mode on port 'nnet_split/input_35_V_V' to 'axis' (register, both mode).
INFO: [RTGEN 206-500] Setting interface mode on port 'nnet_split/input_36_V_V' to 'axis' (register, both mode).
INFO: [RTGEN 206-500] Setting interface mode on port 'nnet_split/input_37_V_V' to 'axis' (register, both mode).
INFO: [RTGEN 206-500] Setting interface mode on port 'nnet_split/input_38_V_V' to 'axis' (register, both mode).
INFO: [RTGEN 206-500] Setting interface mode on port 'nnet_split/input_39_V_V' to 'axis' (register, both mode).
INFO: [RTGEN 206-500] Setting interface mode on port 'nnet_split/input_40_V_V' to 'axis' (register, both mode).
INFO: [RTGEN 206-500] Setting interface mode on port 'nnet_split/input_41_V_V' to 'axis' (register, both mode).
INFO: [RTGEN 206-500] Setting interface mode on port 'nnet_split/input_42_V_V' to 'axis' (register, both mode).
INFO: [RTGEN 206-500] Setting interface mode on port 'nnet_split/input_43_V_V' to 'axis' (register, both mode).
INFO: [RTGEN 206-500] Setting interface mode on port 'nnet_split/input_44_V_V' to 'axis' (register, both mode).
INFO: [RTGEN 206-500] Setting interface mode on port 'nnet_split/input_45_V_V' to 'axis' (register, both mode).
INFO: [RTGEN 206-500] Setting interface mode on port 'nnet_split/input_46_V_V' to 'axis' (register, both mode).
INFO: [RTGEN 206-500] Setting interface mode on port 'nnet_split/input_47_V_V' to 'axis' (register, both mode).
INFO: [RTGEN 206-500] Setting interface mode on port 'nnet_split/input_48_V_V' to 'axis' (register, both mode).
INFO: [RTGEN 206-500] Setting interface mode on port 'nnet_split/input_49_V_V' to 'axis' (register, both mode).
INFO: [RTGEN 206-500] Setting interface mode on port 'nnet_split/input_50_V_V' to 'axis' (register, both mode).
INFO: [RTGEN 206-500] Setting interface mode on port 'nnet_split/input_51_V_V' to 'axis' (register, both mode).
INFO: [RTGEN 206-500] Setting interface mode on port 'nnet_split/input_52_V_V' to 'axis' (register, both mode).
INFO: [RTGEN 206-500] Setting interface mode on port 'nnet_split/input_53_V_V' to 'axis' (register, both mode).
INFO: [RTGEN 206-500] Setting interface mode on port 'nnet_split/input_54_V_V' to 'axis' (register, both mode).
INFO: [RTGEN 206-500] Setting interface mode on port 'nnet_split/input_55_V_V' to 'axis' (register, both mode).
INFO: [RTGEN 206-500] Setting interface mode on port 'nnet_split/input_56_V_V' to 'axis' (register, both mode).
INFO: [RTGEN 206-500] Setting interface mode on port 'nnet_split/input_57_V_V' to 'axis' (register, both mode).
INFO: [RTGEN 206-500] Setting interface mode on port 'nnet_split/input_58_V_V' to 'axis' (register, both mode).
INFO: [RTGEN 206-500] Setting interface mode on port 'nnet_split/input_59_V_V' to 'axis' (register, both mode).
INFO: [RTGEN 206-500] Setting interface mode on port 'nnet_split/input_60_V_V' to 'axis' (register, both mode).
INFO: [RTGEN 206-500] Setting interface mode on port 'nnet_split/input_61_V_V' to 'axis' (register, both mode).
INFO: [RTGEN 206-500] Setting interface mode on port 'nnet_split/input_62_V_V' to 'axis' (register, both mode).
INFO: [RTGEN 206-500] Setting interface mode on port 'nnet_split/input_63_V_V' to 'axis' (register, both mode).
INFO: [RTGEN 206-500] Setting interface mode on port 'nnet_split/input_64_V_V' to 'axis' (register, both mode).
INFO: [RTGEN 206-500] Setting interface mode on port 'nnet_split/output_1_0_V_V' to 'axis' (register, both mode).
INFO: [RTGEN 206-500] Setting interface mode on port 'nnet_split/output_1_1_V_V' to 'axis' (register, both mode).
INFO: [RTGEN 206-500] Setting interface mode on port 'nnet_split/output_1_2_V_V' to 'axis' (register, both mode).
INFO: [RTGEN 206-500] Setting interface mode on port 'nnet_split/output_1_3_V_V' to 'axis' (register, both mode).
INFO: [RTGEN 206-500] Setting interface mode on port 'nnet_split/output_1_4_V_V' to 'axis' (register, both mode).
INFO: [RTGEN 206-500] Setting interface mode on port 'nnet_split/output_1_5_V_V' to 'axis' (register, both mode).
INFO: [RTGEN 206-500] Setting interface mode on port 'nnet_split/output_1_6_V_V' to 'axis' (register, both mode).
INFO: [RTGEN 206-500] Setting interface mode on port 'nnet_split/output_1_7_V_V' to 'axis' (register, both mode).
INFO: [RTGEN 206-500] Setting interface mode on port 'nnet_split/output_1_8_V_V' to 'axis' (register, both mode).
INFO: [RTGEN 206-500] Setting interface mode on port 'nnet_split/output_1_9_V_V' to 'axis' (register, both mode).
INFO: [RTGEN 206-500] Setting interface mode on port 'nnet_split/output_1_10_V_V' to 'axis' (register, both mode).
INFO: [RTGEN 206-500] Setting interface mode on port 'nnet_split/output_1_11_V_V' to 'axis' (register, both mode).
INFO: [RTGEN 206-500] Setting interface mode on port 'nnet_split/output_1_12_V_V' to 'axis' (register, both mode).
INFO: [RTGEN 206-500] Setting interface mode on port 'nnet_split/output_1_13_V_V' to 'axis' (register, both mode).
INFO: [RTGEN 206-500] Setting interface mode on port 'nnet_split/output_1_14_V_V' to 'axis' (register, both mode).
INFO: [RTGEN 206-500] Setting interface mode on port 'nnet_split/output_1_15_V_V' to 'axis' (register, both mode).
INFO: [RTGEN 206-500] Setting interface mode on port 'nnet_split/output_1_16_V_V' to 'axis' (register, both mode).
INFO: [RTGEN 206-500] Setting interface mode on port 'nnet_split/output_1_17_V_V' to 'axis' (register, both mode).
INFO: [RTGEN 206-500] Setting interface mode on port 'nnet_split/output_1_18_V_V' to 'axis' (register, both mode).
INFO: [RTGEN 206-500] Setting interface mode on port 'nnet_split/output_1_19_V_V' to 'axis' (register, both mode).
INFO: [RTGEN 206-500] Setting interface mode on port 'nnet_split/output_1_20_V_V' to 'axis' (register, both mode).
INFO: [RTGEN 206-500] Setting interface mode on port 'nnet_split/output_1_21_V_V' to 'axis' (register, both mode).
INFO: [RTGEN 206-500] Setting interface mode on port 'nnet_split/output_1_22_V_V' to 'axis' (register, both mode).
INFO: [RTGEN 206-500] Setting interface mode on port 'nnet_split/output_1_23_V_V' to 'axis' (register, both mode).
INFO: [RTGEN 206-500] Setting interface mode on port 'nnet_split/output_1_24_V_V' to 'axis' (register, both mode).
INFO: [RTGEN 206-500] Setting interface mode on port 'nnet_split/output_1_25_V_V' to 'axis' (register, both mode).
INFO: [RTGEN 206-500] Setting interface mode on port 'nnet_split/output_1_26_V_V' to 'axis' (register, both mode).
INFO: [RTGEN 206-500] Setting interface mode on port 'nnet_split/output_1_27_V_V' to 'axis' (register, both mode).
INFO: [RTGEN 206-500] Setting interface mode on port 'nnet_split/output_1_28_V_V' to 'axis' (register, both mode).
INFO: [RTGEN 206-500] Setting interface mode on port 'nnet_split/output_1_29_V_V' to 'axis' (register, both mode).
INFO: [RTGEN 206-500] Setting interface mode on port 'nnet_split/output_1_30_V_V' to 'axis' (register, both mode).
INFO: [RTGEN 206-500] Setting interface mode on port 'nnet_split/output_1_31_V_V' to 'axis' (register, both mode).
INFO: [RTGEN 206-500] Setting interface mode on port 'nnet_split/output_1_32_V_V' to 'axis' (register, both mode).
INFO: [RTGEN 206-500] Setting interface mode on port 'nnet_split/output_1_33_V_V' to 'axis' (register, both mode).
INFO: [RTGEN 206-500] Setting interface mode on port 'nnet_split/output_1_34_V_V' to 'axis' (register, both mode).
INFO: [RTGEN 206-500] Setting interface mode on port 'nnet_split/output_1_35_V_V' to 'axis' (register, both mode).
INFO: [RTGEN 206-500] Setting interface mode on port 'nnet_split/output_1_36_V_V' to 'axis' (register, both mode).
INFO: [RTGEN 206-500] Setting interface mode on port 'nnet_split/output_1_37_V_V' to 'axis' (register, both mode).
INFO: [RTGEN 206-500] Setting interface mode on port 'nnet_split/output_1_38_V_V' to 'axis' (register, both mode).
INFO: [RTGEN 206-500] Setting interface mode on port 'nnet_split/output_1_39_V_V' to 'axis' (register, both mode).
INFO: [RTGEN 206-500] Setting interface mode on port 'nnet_split/output_1_40_V_V' to 'axis' (register, both mode).
INFO: [RTGEN 206-500] Setting interface mode on port 'nnet_split/output_1_41_V_V' to 'axis' (register, both mode).
INFO: [RTGEN 206-500] Setting interface mode on port 'nnet_split/output_1_42_V_V' to 'axis' (register, both mode).
INFO: [RTGEN 206-500] Setting interface mode on port 'nnet_split/output_1_43_V_V' to 'axis' (register, both mode).
INFO: [RTGEN 206-500] Setting interface mode on port 'nnet_split/output_1_44_V_V' to 'axis' (register, both mode).
INFO: [RTGEN 206-500] Setting interface mode on port 'nnet_split/output_1_45_V_V' to 'axis' (register, both mode).
INFO: [RTGEN 206-500] Setting interface mode on port 'nnet_split/output_1_46_V_V' to 'axis' (register, both mode).
INFO: [RTGEN 206-500] Setting interface mode on port 'nnet_split/output_1_47_V_V' to 'axis' (register, both mode).
INFO: [RTGEN 206-500] Setting interface mode on port 'nnet_split/output_1_48_V_V' to 'axis' (register, both mode).
INFO: [RTGEN 206-500] Setting interface mode on port 'nnet_split/output_1_49_V_V' to 'axis' (register, both mode).
INFO: [RTGEN 206-500] Setting interface mode on port 'nnet_split/output_1_50_V_V' to 'axis' (register, both mode).
INFO: [RTGEN 206-500] Setting interface mode on port 'nnet_split/output_1_51_V_V' to 'axis' (register, both mode).
INFO: [RTGEN 206-500] Setting interface mode on port 'nnet_split/output_1_52_V_V' to 'axis' (register, both mode).
INFO: [RTGEN 206-500] Setting interface mode on port 'nnet_split/output_1_53_V_V' to 'axis' (register, both mode).
INFO: [RTGEN 206-500] Setting interface mode on port 'nnet_split/output_1_54_V_V' to 'axis' (register, both mode).
INFO: [RTGEN 206-500] Setting interface mode on port 'nnet_split/output_1_55_V_V' to 'axis' (register, both mode).
INFO: [RTGEN 206-500] Setting interface mode on port 'nnet_split/output_1_56_V_V' to 'axis' (register, both mode).
INFO: [RTGEN 206-500] Setting interface mode on port 'nnet_split/output_1_57_V_V' to 'axis' (register, both mode).
INFO: [RTGEN 206-500] Setting interface mode on port 'nnet_split/output_1_58_V_V' to 'axis' (register, both mode).
INFO: [RTGEN 206-500] Setting interface mode on port 'nnet_split/output_1_59_V_V' to 'axis' (register, both mode).
INFO: [RTGEN 206-500] Setting interface mode on port 'nnet_split/output_1_60_V_V' to 'axis' (register, both mode).
INFO: [RTGEN 206-500] Setting interface mode on port 'nnet_split/output_1_61_V_V' to 'axis' (register, both mode).
INFO: [RTGEN 206-500] Setting interface mode on port 'nnet_split/output_1_62_V_V' to 'axis' (register, both mode).
INFO: [RTGEN 206-500] Setting interface mode on port 'nnet_split/output_1_63_V_V' to 'axis' (register, both mode).
INFO: [RTGEN 206-500] Setting interface mode on port 'nnet_split/output_1_64_V_V' to 'axis' (register, both mode).
INFO: [RTGEN 206-500] Setting interface mode on port 'nnet_split/output_2_0_V_V' to 'axis' (register, both mode).
INFO: [RTGEN 206-500] Setting interface mode on port 'nnet_split/output_2_1_V_V' to 'axis' (register, both mode).
INFO: [RTGEN 206-500] Setting interface mode on port 'nnet_split/output_2_2_V_V' to 'axis' (register, both mode).
INFO: [RTGEN 206-500] Setting interface mode on port 'nnet_split/output_2_3_V_V' to 'axis' (register, both mode).
INFO: [RTGEN 206-500] Setting interface mode on port 'nnet_split/output_2_4_V_V' to 'axis' (register, both mode).
INFO: [RTGEN 206-500] Setting interface mode on port 'nnet_split/output_2_5_V_V' to 'axis' (register, both mode).
INFO: [RTGEN 206-500] Setting interface mode on port 'nnet_split/output_2_6_V_V' to 'axis' (register, both mode).
INFO: [RTGEN 206-500] Setting interface mode on port 'nnet_split/output_2_7_V_V' to 'axis' (register, both mode).
INFO: [RTGEN 206-500] Setting interface mode on port 'nnet_split/output_2_8_V_V' to 'axis' (register, both mode).
INFO: [RTGEN 206-500] Setting interface mode on port 'nnet_split/output_2_9_V_V' to 'axis' (register, both mode).
INFO: [RTGEN 206-500] Setting interface mode on port 'nnet_split/output_2_10_V_V' to 'axis' (register, both mode).
INFO: [RTGEN 206-500] Setting interface mode on port 'nnet_split/output_2_11_V_V' to 'axis' (register, both mode).
INFO: [RTGEN 206-500] Setting interface mode on port 'nnet_split/output_2_12_V_V' to 'axis' (register, both mode).
INFO: [RTGEN 206-500] Setting interface mode on port 'nnet_split/output_2_13_V_V' to 'axis' (register, both mode).
INFO: [RTGEN 206-500] Setting interface mode on port 'nnet_split/output_2_14_V_V' to 'axis' (register, both mode).
INFO: [RTGEN 206-500] Setting interface mode on port 'nnet_split/output_2_15_V_V' to 'axis' (register, both mode).
INFO: [RTGEN 206-500] Setting interface mode on port 'nnet_split/output_2_16_V_V' to 'axis' (register, both mode).
INFO: [RTGEN 206-500] Setting interface mode on port 'nnet_split/output_2_17_V_V' to 'axis' (register, both mode).
INFO: [RTGEN 206-500] Setting interface mode on port 'nnet_split/output_2_18_V_V' to 'axis' (register, both mode).
INFO: [RTGEN 206-500] Setting interface mode on port 'nnet_split/output_2_19_V_V' to 'axis' (register, both mode).
INFO: [RTGEN 206-500] Setting interface mode on port 'nnet_split/output_2_20_V_V' to 'axis' (register, both mode).
INFO: [RTGEN 206-500] Setting interface mode on port 'nnet_split/output_2_21_V_V' to 'axis' (register, both mode).
INFO: [RTGEN 206-500] Setting interface mode on port 'nnet_split/output_2_22_V_V' to 'axis' (register, both mode).
INFO: [RTGEN 206-500] Setting interface mode on port 'nnet_split/output_2_23_V_V' to 'axis' (register, both mode).
INFO: [RTGEN 206-500] Setting interface mode on port 'nnet_split/output_2_24_V_V' to 'axis' (register, both mode).
INFO: [RTGEN 206-500] Setting interface mode on port 'nnet_split/output_2_25_V_V' to 'axis' (register, both mode).
INFO: [RTGEN 206-500] Setting interface mode on port 'nnet_split/output_2_26_V_V' to 'axis' (register, both mode).
INFO: [RTGEN 206-500] Setting interface mode on port 'nnet_split/output_2_27_V_V' to 'axis' (register, both mode).
INFO: [RTGEN 206-500] Setting interface mode on port 'nnet_split/output_2_28_V_V' to 'axis' (register, both mode).
INFO: [RTGEN 206-500] Setting interface mode on port 'nnet_split/output_2_29_V_V' to 'axis' (register, both mode).
INFO: [RTGEN 206-500] Setting interface mode on port 'nnet_split/output_2_30_V_V' to 'axis' (register, both mode).
INFO: [RTGEN 206-500] Setting interface mode on port 'nnet_split/output_2_31_V_V' to 'axis' (register, both mode).
INFO: [RTGEN 206-500] Setting interface mode on port 'nnet_split/output_2_32_V_V' to 'axis' (register, both mode).
INFO: [RTGEN 206-500] Setting interface mode on port 'nnet_split/output_2_33_V_V' to 'axis' (register, both mode).
INFO: [RTGEN 206-500] Setting interface mode on port 'nnet_split/output_2_34_V_V' to 'axis' (register, both mode).
INFO: [RTGEN 206-500] Setting interface mode on port 'nnet_split/output_2_35_V_V' to 'axis' (register, both mode).
INFO: [RTGEN 206-500] Setting interface mode on port 'nnet_split/output_2_36_V_V' to 'axis' (register, both mode).
INFO: [RTGEN 206-500] Setting interface mode on port 'nnet_split/output_2_37_V_V' to 'axis' (register, both mode).
INFO: [RTGEN 206-500] Setting interface mode on port 'nnet_split/output_2_38_V_V' to 'axis' (register, both mode).
INFO: [RTGEN 206-500] Setting interface mode on port 'nnet_split/output_2_39_V_V' to 'axis' (register, both mode).
INFO: [RTGEN 206-500] Setting interface mode on port 'nnet_split/output_2_40_V_V' to 'axis' (register, both mode).
INFO: [RTGEN 206-500] Setting interface mode on port 'nnet_split/output_2_41_V_V' to 'axis' (register, both mode).
INFO: [RTGEN 206-500] Setting interface mode on port 'nnet_split/output_2_42_V_V' to 'axis' (register, both mode).
INFO: [RTGEN 206-500] Setting interface mode on port 'nnet_split/output_2_43_V_V' to 'axis' (register, both mode).
INFO: [RTGEN 206-500] Setting interface mode on port 'nnet_split/output_2_44_V_V' to 'axis' (register, both mode).
INFO: [RTGEN 206-500] Setting interface mode on port 'nnet_split/output_2_45_V_V' to 'axis' (register, both mode).
INFO: [RTGEN 206-500] Setting interface mode on port 'nnet_split/output_2_46_V_V' to 'axis' (register, both mode).
INFO: [RTGEN 206-500] Setting interface mode on port 'nnet_split/output_2_47_V_V' to 'axis' (register, both mode).
INFO: [RTGEN 206-500] Setting interface mode on port 'nnet_split/output_2_48_V_V' to 'axis' (register, both mode).
INFO: [RTGEN 206-500] Setting interface mode on port 'nnet_split/output_2_49_V_V' to 'axis' (register, both mode).
INFO: [RTGEN 206-500] Setting interface mode on port 'nnet_split/output_2_50_V_V' to 'axis' (register, both mode).
INFO: [RTGEN 206-500] Setting interface mode on port 'nnet_split/output_2_51_V_V' to 'axis' (register, both mode).
INFO: [RTGEN 206-500] Setting interface mode on port 'nnet_split/output_2_52_V_V' to 'axis' (register, both mode).
INFO: [RTGEN 206-500] Setting interface mode on port 'nnet_split/output_2_53_V_V' to 'axis' (register, both mode).
INFO: [RTGEN 206-500] Setting interface mode on port 'nnet_split/output_2_54_V_V' to 'axis' (register, both mode).
INFO: [RTGEN 206-500] Setting interface mode on port 'nnet_split/output_2_55_V_V' to 'axis' (register, both mode).
INFO: [RTGEN 206-500] Setting interface mode on port 'nnet_split/output_2_56_V_V' to 'axis' (register, both mode).
INFO: [RTGEN 206-500] Setting interface mode on port 'nnet_split/output_2_57_V_V' to 'axis' (register, both mode).
INFO: [RTGEN 206-500] Setting interface mode on port 'nnet_split/output_2_58_V_V' to 'axis' (register, both mode).
INFO: [RTGEN 206-500] Setting interface mode on port 'nnet_split/output_2_59_V_V' to 'axis' (register, both mode).
INFO: [RTGEN 206-500] Setting interface mode on port 'nnet_split/output_2_60_V_V' to 'axis' (register, both mode).
INFO: [RTGEN 206-500] Setting interface mode on port 'nnet_split/output_2_61_V_V' to 'axis' (register, both mode).
INFO: [RTGEN 206-500] Setting interface mode on port 'nnet_split/output_2_62_V_V' to 'axis' (register, both mode).
INFO: [RTGEN 206-500] Setting interface mode on port 'nnet_split/output_2_63_V_V' to 'axis' (register, both mode).
INFO: [RTGEN 206-500] Setting interface mode on port 'nnet_split/output_2_64_V_V' to 'axis' (register, both mode).
INFO: [RTGEN 206-500] Setting interface mode on function 'nnet_split' to 'ap_ctrl_none'.
INFO: [HLS 200-633] Setting ap_ctrl_none interface for nnet_split
INFO: [RTGEN 206-100] Finished creating RTL model for 'nnet_split'.
INFO: [HLS 200-111]  Elapsed time: 4.57 seconds; current allocated memory: 213.523 MB.
INFO: [HLS 200-111] Finished generating all RTL models Time (s): cpu = 00:06:38 ; elapsed = 00:06:47 . Memory (MB): peak = 891.059 ; gain = 192.422 ; free physical = 18780 ; free virtual = 108887
INFO: [VHDL 208-304] Generating VHDL RTL for nnet_split with prefix layer177_.
INFO: [VLOG 209-307] Generating Verilog RTL for nnet_split with prefix layer177_.
INFO: [IMPL 213-8] Exporting RTL as a Vivado IP.

****** Vivado v2019.1.3 (64-bit)
  **** SW Build 2644227 on Wed Sep  4 09:44:18 MDT 2019
  **** IP Build 2633630 on Wed Sep  4 12:30:14 MDT 2019
    ** Copyright 1986-2019 Xilinx, Inc. All Rights Reserved.

source run_ippack.tcl -notrace
INFO: [IP_Flow 19-234] Refreshing IP repositories
INFO: [IP_Flow 19-1704] No user IP repositories specified
INFO: [IP_Flow 19-2313] Loaded Vivado IP repository '/opt/Xilinx/Vivado/2019.1/data/ip'.
INFO: [Common 17-206] Exiting Vivado at Thu Jun  4 02:35:33 2020...
INFO: [HLS 200-112] Total elapsed time: 427.44 seconds; peak allocated memory: 213.523 MB.
INFO: [Common 17-206] Exiting vivado_hls at Thu Jun  4 02:35:33 2020...
