
****** Vivado(TM) HLS - High-Level Synthesis from C, C++ and SystemC v2019.1.3 (64-bit)
  **** SW Build 2644227 on Wed Sep  4 09:44:18 MDT 2019
  **** IP Build 2633630 on Wed Sep  4 12:30:14 MDT 2019
    ** Copyright 1986-2019 Xilinx, Inc. All Rights Reserved.

source /opt/Xilinx/Vivado/2019.1/scripts/vivado_hls/hls.tcl -notrace
INFO: [HLS 200-10] Running '/opt/Xilinx/Vivado/2019.1/bin/unwrapped/lnx64.o/vivado_hls'
INFO: [HLS 200-10] For user 'tarafdar' on host 'localhost' (Linux_x86_64 version 4.4.0-159-generic) on Fri Jun 05 16:50:34 UTC 2020
INFO: [HLS 200-10] On os Ubuntu 16.04.6 LTS
INFO: [HLS 200-10] In directory '/home/tarafdar/workDir/reproducability/AIgean/examples/resnet50/ips/bridges'
Sourcing Tcl script 'synth.tcl'
INFO: [HLS 200-10] Opening project '/home/tarafdar/workDir/reproducability/galapagos/userIP/hls_projects/hls4ml_galapagos_input_bridge_257'.
INFO: [HLS 200-10] Opening solution '/home/tarafdar/workDir/reproducability/galapagos/userIP/hls_projects/hls4ml_galapagos_input_bridge_257/solution1'.
INFO: [SYN 201-201] Setting up clock 'default' with a period of 3.333ns.
INFO: [HLS 200-10] Setting target device to 'xczu19eg-ffvc1760-2-i'
WARNING: [HLS 200-483] The 'config_rtl -prefix' command is deprecated and will be removed in a future release. Use 'config_rtl -module_prefix' as its replacement.
INFO: [HLS 200-10] Adding design file '/home/tarafdar/workDir/reproducability/AIgean/examples/resnet50/ips/bridges/../srcs/galapagos_resnet_bridge.cpp' to the project
INFO: [SCHED 204-61] Option 'relax_ii_for_timing' is enabled, will increase II to preserve clock frequency constraints.
INFO: [HLS 200-10] Analyzing design file '/home/tarafdar/workDir/reproducability/AIgean/examples/resnet50/ips/bridges/../srcs/galapagos_resnet_bridge.cpp' ... 
INFO: [HLS 200-111] Finished Linking Time (s): cpu = 00:00:19 ; elapsed = 00:00:20 . Memory (MB): peak = 890.621 ; gain = 192.000 ; free physical = 12840 ; free virtual = 87191
INFO: [HLS 200-111] Finished Checking Pragmas Time (s): cpu = 00:00:19 ; elapsed = 00:00:20 . Memory (MB): peak = 890.621 ; gain = 192.000 ; free physical = 12840 ; free virtual = 87191
INFO: [HLS 200-10] Starting code transformations ...
INFO: [HLS 200-111] Finished Standard Transforms Time (s): cpu = 00:00:20 ; elapsed = 00:00:21 . Memory (MB): peak = 890.621 ; gain = 192.000 ; free physical = 12836 ; free virtual = 87187
INFO: [HLS 200-10] Checking synthesizability ...
WARNING: [SYNCHK 200-23] /home/tarafdar/workDir/reproducability/AIgean/examples/resnet50/ips/bridges/../../kernel_headers/_galapagos_resnet_bridge.hpp:106: variable-indexed range selection may cause suboptimal QoR.
INFO: [SYNCHK 200-10] 0 error(s), 1 warning(s).
INFO: [HLS 200-111] Finished Checking Synthesizability Time (s): cpu = 00:00:20 ; elapsed = 00:00:21 . Memory (MB): peak = 890.621 ; gain = 192.000 ; free physical = 12834 ; free virtual = 87186
INFO: [XFORM 203-102] Automatically partitioning streamed array 'input.V.V' (/home/tarafdar/workDir/reproducability/AIgean/examples/resnet50/ips/bridges/../srcs/galapagos_resnet_bridge.cpp:35) .
INFO: [XFORM 203-101] Partitioning array 'input.V.V' (/home/tarafdar/workDir/reproducability/AIgean/examples/resnet50/ips/bridges/../srcs/galapagos_resnet_bridge.cpp:35) in dimension 1 completely.
WARNING: [XFORM 203-104] Completely partitioning array 'input.V.V' (/home/tarafdar/workDir/reproducability/AIgean/examples/resnet50/ips/bridges/../srcs/galapagos_resnet_bridge.cpp:35) accessed through non-constant indices on dimension 1 (/home/tarafdar/workDir/reproducability/AIgean/examples/resnet50/ips/bridges/../../kernel_headers/_galapagos_resnet_bridge.hpp:134:13), which may result in long runtime and suboptimal QoR due to large multiplexers. Please consider wrapping the array access into a function or using a register file core instead.
INFO: [HLS 200-111] Finished Pre-synthesis Time (s): cpu = 00:00:27 ; elapsed = 00:00:28 . Memory (MB): peak = 890.621 ; gain = 192.000 ; free physical = 12765 ; free virtual = 87116
WARNING: [XFORM 203-631] Renaming function '_hls4ml_galapagos_input_bridge<257, ap_uint<8> >' to '_hls4ml_galapagos_in' (/home/tarafdar/workDir/reproducability/AIgean/examples/resnet50/ips/bridges/../../kernel_headers/_galapagos_resnet_bridge.hpp:53:31)
INFO: [HLS 200-111] Finished Architecture Synthesis Time (s): cpu = 00:00:35 ; elapsed = 00:00:36 . Memory (MB): peak = 890.621 ; gain = 192.000 ; free physical = 12721 ; free virtual = 87072
INFO: [HLS 200-10] Starting hardware synthesis ...
INFO: [HLS 200-10] Synthesizing 'hls4ml_galapagos_input_bridge_257' ...
WARNING: [SYN 201-103] Legalizing function name '_hls4ml_galapagos_in' to 'p_hls4ml_galapagos_in'.
INFO: [HLS 200-10] ----------------------------------------------------------------
INFO: [HLS 200-42] -- Implementing module 'p_hls4ml_galapagos_in' 
INFO: [HLS 200-10] ----------------------------------------------------------------
INFO: [SCHED 204-11] Starting scheduling ...
INFO: [SCHED 204-61] Pipelining loop 'Loop 1'.
INFO: [SCHED 204-61] Pipelining result : Target II = 1, Final II = 1, Depth = 2.
INFO: [SCHED 204-61] Pipelining loop 'Loop 2'.
INFO: [SCHED 204-61] Pipelining result : Target II = 1, Final II = 1, Depth = 2.
INFO: [SCHED 204-61] Pipelining loop 'Loop 3'.
INFO: [SCHED 204-61] Pipelining result : Target II = 1, Final II = 1, Depth = 2.
INFO: [SCHED 204-61] Pipelining loop 'Loop 4'.
INFO: [SCHED 204-61] Pipelining result : Target II = 1, Final II = 1, Depth = 2.
INFO: [SCHED 204-11] Finished scheduling.
INFO: [HLS 200-111]  Elapsed time: 36.84 seconds; current allocated memory: 177.539 MB.
INFO: [BIND 205-100] Starting micro-architecture generation ...
INFO: [BIND 205-101] Performing variable lifetime analysis.
INFO: [BIND 205-101] Exploring resource sharing.
INFO: [BIND 205-101] Binding ...
INFO: [BIND 205-100] Finished micro-architecture generation.
INFO: [HLS 200-111]  Elapsed time: 1.45 seconds; current allocated memory: 184.629 MB.
INFO: [HLS 200-10] ----------------------------------------------------------------
INFO: [HLS 200-42] -- Implementing module 'hls4ml_galapagos_input_bridge_257' 
INFO: [HLS 200-10] ----------------------------------------------------------------
INFO: [SCHED 204-11] Starting scheduling ...
INFO: [SCHED 204-11] Finished scheduling.
INFO: [HLS 200-111]  Elapsed time: 1.45 seconds; current allocated memory: 185.459 MB.
INFO: [BIND 205-100] Starting micro-architecture generation ...
INFO: [BIND 205-101] Performing variable lifetime analysis.
INFO: [BIND 205-101] Exploring resource sharing.
INFO: [BIND 205-101] Binding ...
INFO: [BIND 205-100] Finished micro-architecture generation.
INFO: [HLS 200-111]  Elapsed time: 0.39 seconds; current allocated memory: 187.926 MB.
INFO: [HLS 200-10] ----------------------------------------------------------------
INFO: [HLS 200-10] -- Generating RTL for module 'p_hls4ml_galapagos_in' 
INFO: [HLS 200-10] ----------------------------------------------------------------
INFO: [RTGEN 206-100] Finished creating RTL model for 'p_hls4ml_galapagos_in'.
INFO: [HLS 200-111]  Elapsed time: 2.06 seconds; current allocated memory: 194.415 MB.
INFO: [HLS 200-10] ----------------------------------------------------------------
INFO: [HLS 200-10] -- Generating RTL for module 'hls4ml_galapagos_input_bridge_257' 
INFO: [HLS 200-10] ----------------------------------------------------------------
INFO: [RTGEN 206-500] Setting interface mode on port 'hls4ml_galapagos_input_bridge_257/bridge_in_V_data_V' to 'axis' (register, both mode).
INFO: [RTGEN 206-500] Setting interface mode on port 'hls4ml_galapagos_input_bridge_257/bridge_in_V_dest_V' to 'axis' (register, both mode).
INFO: [RTGEN 206-500] Setting interface mode on port 'hls4ml_galapagos_input_bridge_257/bridge_in_V_last_V' to 'axis' (register, both mode).
INFO: [RTGEN 206-500] Setting interface mode on port 'hls4ml_galapagos_input_bridge_257/bridge_in_V_id_V' to 'axis' (register, both mode).
INFO: [RTGEN 206-500] Setting interface mode on port 'hls4ml_galapagos_input_bridge_257/bridge_in_V_user_V' to 'axis' (register, both mode).
INFO: [RTGEN 206-500] Setting interface mode on port 'hls4ml_galapagos_input_bridge_257/bridge_in_V_keep_V' to 'axis' (register, both mode).
INFO: [RTGEN 206-500] Setting interface mode on port 'hls4ml_galapagos_input_bridge_257/input_0_V_V' to 'axis' (register, both mode).
INFO: [RTGEN 206-500] Setting interface mode on port 'hls4ml_galapagos_input_bridge_257/input_1_V_V' to 'axis' (register, both mode).
INFO: [RTGEN 206-500] Setting interface mode on port 'hls4ml_galapagos_input_bridge_257/input_2_V_V' to 'axis' (register, both mode).
INFO: [RTGEN 206-500] Setting interface mode on port 'hls4ml_galapagos_input_bridge_257/input_3_V_V' to 'axis' (register, both mode).
INFO: [RTGEN 206-500] Setting interface mode on port 'hls4ml_galapagos_input_bridge_257/input_4_V_V' to 'axis' (register, both mode).
INFO: [RTGEN 206-500] Setting interface mode on port 'hls4ml_galapagos_input_bridge_257/input_5_V_V' to 'axis' (register, both mode).
INFO: [RTGEN 206-500] Setting interface mode on port 'hls4ml_galapagos_input_bridge_257/input_6_V_V' to 'axis' (register, both mode).
INFO: [RTGEN 206-500] Setting interface mode on port 'hls4ml_galapagos_input_bridge_257/input_7_V_V' to 'axis' (register, both mode).
INFO: [RTGEN 206-500] Setting interface mode on port 'hls4ml_galapagos_input_bridge_257/input_8_V_V' to 'axis' (register, both mode).
INFO: [RTGEN 206-500] Setting interface mode on port 'hls4ml_galapagos_input_bridge_257/input_9_V_V' to 'axis' (register, both mode).
INFO: [RTGEN 206-500] Setting interface mode on port 'hls4ml_galapagos_input_bridge_257/input_10_V_V' to 'axis' (register, both mode).
INFO: [RTGEN 206-500] Setting interface mode on port 'hls4ml_galapagos_input_bridge_257/input_11_V_V' to 'axis' (register, both mode).
INFO: [RTGEN 206-500] Setting interface mode on port 'hls4ml_galapagos_input_bridge_257/input_12_V_V' to 'axis' (register, both mode).
INFO: [RTGEN 206-500] Setting interface mode on port 'hls4ml_galapagos_input_bridge_257/input_13_V_V' to 'axis' (register, both mode).
INFO: [RTGEN 206-500] Setting interface mode on port 'hls4ml_galapagos_input_bridge_257/input_14_V_V' to 'axis' (register, both mode).
INFO: [RTGEN 206-500] Setting interface mode on port 'hls4ml_galapagos_input_bridge_257/input_15_V_V' to 'axis' (register, both mode).
INFO: [RTGEN 206-500] Setting interface mode on port 'hls4ml_galapagos_input_bridge_257/input_16_V_V' to 'axis' (register, both mode).
INFO: [RTGEN 206-500] Setting interface mode on port 'hls4ml_galapagos_input_bridge_257/input_17_V_V' to 'axis' (register, both mode).
INFO: [RTGEN 206-500] Setting interface mode on port 'hls4ml_galapagos_input_bridge_257/input_18_V_V' to 'axis' (register, both mode).
INFO: [RTGEN 206-500] Setting interface mode on port 'hls4ml_galapagos_input_bridge_257/input_19_V_V' to 'axis' (register, both mode).
INFO: [RTGEN 206-500] Setting interface mode on port 'hls4ml_galapagos_input_bridge_257/input_20_V_V' to 'axis' (register, both mode).
INFO: [RTGEN 206-500] Setting interface mode on port 'hls4ml_galapagos_input_bridge_257/input_21_V_V' to 'axis' (register, both mode).
INFO: [RTGEN 206-500] Setting interface mode on port 'hls4ml_galapagos_input_bridge_257/input_22_V_V' to 'axis' (register, both mode).
INFO: [RTGEN 206-500] Setting interface mode on port 'hls4ml_galapagos_input_bridge_257/input_23_V_V' to 'axis' (register, both mode).
INFO: [RTGEN 206-500] Setting interface mode on port 'hls4ml_galapagos_input_bridge_257/input_24_V_V' to 'axis' (register, both mode).
INFO: [RTGEN 206-500] Setting interface mode on port 'hls4ml_galapagos_input_bridge_257/input_25_V_V' to 'axis' (register, both mode).
INFO: [RTGEN 206-500] Setting interface mode on port 'hls4ml_galapagos_input_bridge_257/input_26_V_V' to 'axis' (register, both mode).
INFO: [RTGEN 206-500] Setting interface mode on port 'hls4ml_galapagos_input_bridge_257/input_27_V_V' to 'axis' (register, both mode).
INFO: [RTGEN 206-500] Setting interface mode on port 'hls4ml_galapagos_input_bridge_257/input_28_V_V' to 'axis' (register, both mode).
INFO: [RTGEN 206-500] Setting interface mode on port 'hls4ml_galapagos_input_bridge_257/input_29_V_V' to 'axis' (register, both mode).
INFO: [RTGEN 206-500] Setting interface mode on port 'hls4ml_galapagos_input_bridge_257/input_30_V_V' to 'axis' (register, both mode).
INFO: [RTGEN 206-500] Setting interface mode on port 'hls4ml_galapagos_input_bridge_257/input_31_V_V' to 'axis' (register, both mode).
INFO: [RTGEN 206-500] Setting interface mode on port 'hls4ml_galapagos_input_bridge_257/input_32_V_V' to 'axis' (register, both mode).
INFO: [RTGEN 206-500] Setting interface mode on port 'hls4ml_galapagos_input_bridge_257/input_33_V_V' to 'axis' (register, both mode).
INFO: [RTGEN 206-500] Setting interface mode on port 'hls4ml_galapagos_input_bridge_257/input_34_V_V' to 'axis' (register, both mode).
INFO: [RTGEN 206-500] Setting interface mode on port 'hls4ml_galapagos_input_bridge_257/input_35_V_V' to 'axis' (register, both mode).
INFO: [RTGEN 206-500] Setting interface mode on port 'hls4ml_galapagos_input_bridge_257/input_36_V_V' to 'axis' (register, both mode).
INFO: [RTGEN 206-500] Setting interface mode on port 'hls4ml_galapagos_input_bridge_257/input_37_V_V' to 'axis' (register, both mode).
INFO: [RTGEN 206-500] Setting interface mode on port 'hls4ml_galapagos_input_bridge_257/input_38_V_V' to 'axis' (register, both mode).
INFO: [RTGEN 206-500] Setting interface mode on port 'hls4ml_galapagos_input_bridge_257/input_39_V_V' to 'axis' (register, both mode).
INFO: [RTGEN 206-500] Setting interface mode on port 'hls4ml_galapagos_input_bridge_257/input_40_V_V' to 'axis' (register, both mode).
INFO: [RTGEN 206-500] Setting interface mode on port 'hls4ml_galapagos_input_bridge_257/input_41_V_V' to 'axis' (register, both mode).
INFO: [RTGEN 206-500] Setting interface mode on port 'hls4ml_galapagos_input_bridge_257/input_42_V_V' to 'axis' (register, both mode).
INFO: [RTGEN 206-500] Setting interface mode on port 'hls4ml_galapagos_input_bridge_257/input_43_V_V' to 'axis' (register, both mode).
INFO: [RTGEN 206-500] Setting interface mode on port 'hls4ml_galapagos_input_bridge_257/input_44_V_V' to 'axis' (register, both mode).
INFO: [RTGEN 206-500] Setting interface mode on port 'hls4ml_galapagos_input_bridge_257/input_45_V_V' to 'axis' (register, both mode).
INFO: [RTGEN 206-500] Setting interface mode on port 'hls4ml_galapagos_input_bridge_257/input_46_V_V' to 'axis' (register, both mode).
INFO: [RTGEN 206-500] Setting interface mode on port 'hls4ml_galapagos_input_bridge_257/input_47_V_V' to 'axis' (register, both mode).
INFO: [RTGEN 206-500] Setting interface mode on port 'hls4ml_galapagos_input_bridge_257/input_48_V_V' to 'axis' (register, both mode).
INFO: [RTGEN 206-500] Setting interface mode on port 'hls4ml_galapagos_input_bridge_257/input_49_V_V' to 'axis' (register, both mode).
INFO: [RTGEN 206-500] Setting interface mode on port 'hls4ml_galapagos_input_bridge_257/input_50_V_V' to 'axis' (register, both mode).
INFO: [RTGEN 206-500] Setting interface mode on port 'hls4ml_galapagos_input_bridge_257/input_51_V_V' to 'axis' (register, both mode).
INFO: [RTGEN 206-500] Setting interface mode on port 'hls4ml_galapagos_input_bridge_257/input_52_V_V' to 'axis' (register, both mode).
INFO: [RTGEN 206-500] Setting interface mode on port 'hls4ml_galapagos_input_bridge_257/input_53_V_V' to 'axis' (register, both mode).
INFO: [RTGEN 206-500] Setting interface mode on port 'hls4ml_galapagos_input_bridge_257/input_54_V_V' to 'axis' (register, both mode).
INFO: [RTGEN 206-500] Setting interface mode on port 'hls4ml_galapagos_input_bridge_257/input_55_V_V' to 'axis' (register, both mode).
INFO: [RTGEN 206-500] Setting interface mode on port 'hls4ml_galapagos_input_bridge_257/input_56_V_V' to 'axis' (register, both mode).
INFO: [RTGEN 206-500] Setting interface mode on port 'hls4ml_galapagos_input_bridge_257/input_57_V_V' to 'axis' (register, both mode).
INFO: [RTGEN 206-500] Setting interface mode on port 'hls4ml_galapagos_input_bridge_257/input_58_V_V' to 'axis' (register, both mode).
INFO: [RTGEN 206-500] Setting interface mode on port 'hls4ml_galapagos_input_bridge_257/input_59_V_V' to 'axis' (register, both mode).
INFO: [RTGEN 206-500] Setting interface mode on port 'hls4ml_galapagos_input_bridge_257/input_60_V_V' to 'axis' (register, both mode).
INFO: [RTGEN 206-500] Setting interface mode on port 'hls4ml_galapagos_input_bridge_257/input_61_V_V' to 'axis' (register, both mode).
INFO: [RTGEN 206-500] Setting interface mode on port 'hls4ml_galapagos_input_bridge_257/input_62_V_V' to 'axis' (register, both mode).
INFO: [RTGEN 206-500] Setting interface mode on port 'hls4ml_galapagos_input_bridge_257/input_63_V_V' to 'axis' (register, both mode).
INFO: [RTGEN 206-500] Setting interface mode on port 'hls4ml_galapagos_input_bridge_257/input_64_V_V' to 'axis' (register, both mode).
INFO: [RTGEN 206-500] Setting interface mode on port 'hls4ml_galapagos_input_bridge_257/input_65_V_V' to 'axis' (register, both mode).
INFO: [RTGEN 206-500] Setting interface mode on port 'hls4ml_galapagos_input_bridge_257/input_66_V_V' to 'axis' (register, both mode).
INFO: [RTGEN 206-500] Setting interface mode on port 'hls4ml_galapagos_input_bridge_257/input_67_V_V' to 'axis' (register, both mode).
INFO: [RTGEN 206-500] Setting interface mode on port 'hls4ml_galapagos_input_bridge_257/input_68_V_V' to 'axis' (register, both mode).
INFO: [RTGEN 206-500] Setting interface mode on port 'hls4ml_galapagos_input_bridge_257/input_69_V_V' to 'axis' (register, both mode).
INFO: [RTGEN 206-500] Setting interface mode on port 'hls4ml_galapagos_input_bridge_257/input_70_V_V' to 'axis' (register, both mode).
INFO: [RTGEN 206-500] Setting interface mode on port 'hls4ml_galapagos_input_bridge_257/input_71_V_V' to 'axis' (register, both mode).
INFO: [RTGEN 206-500] Setting interface mode on port 'hls4ml_galapagos_input_bridge_257/input_72_V_V' to 'axis' (register, both mode).
INFO: [RTGEN 206-500] Setting interface mode on port 'hls4ml_galapagos_input_bridge_257/input_73_V_V' to 'axis' (register, both mode).
INFO: [RTGEN 206-500] Setting interface mode on port 'hls4ml_galapagos_input_bridge_257/input_74_V_V' to 'axis' (register, both mode).
INFO: [RTGEN 206-500] Setting interface mode on port 'hls4ml_galapagos_input_bridge_257/input_75_V_V' to 'axis' (register, both mode).
INFO: [RTGEN 206-500] Setting interface mode on port 'hls4ml_galapagos_input_bridge_257/input_76_V_V' to 'axis' (register, both mode).
INFO: [RTGEN 206-500] Setting interface mode on port 'hls4ml_galapagos_input_bridge_257/input_77_V_V' to 'axis' (register, both mode).
INFO: [RTGEN 206-500] Setting interface mode on port 'hls4ml_galapagos_input_bridge_257/input_78_V_V' to 'axis' (register, both mode).
INFO: [RTGEN 206-500] Setting interface mode on port 'hls4ml_galapagos_input_bridge_257/input_79_V_V' to 'axis' (register, both mode).
INFO: [RTGEN 206-500] Setting interface mode on port 'hls4ml_galapagos_input_bridge_257/input_80_V_V' to 'axis' (register, both mode).
INFO: [RTGEN 206-500] Setting interface mode on port 'hls4ml_galapagos_input_bridge_257/input_81_V_V' to 'axis' (register, both mode).
INFO: [RTGEN 206-500] Setting interface mode on port 'hls4ml_galapagos_input_bridge_257/input_82_V_V' to 'axis' (register, both mode).
INFO: [RTGEN 206-500] Setting interface mode on port 'hls4ml_galapagos_input_bridge_257/input_83_V_V' to 'axis' (register, both mode).
INFO: [RTGEN 206-500] Setting interface mode on port 'hls4ml_galapagos_input_bridge_257/input_84_V_V' to 'axis' (register, both mode).
INFO: [RTGEN 206-500] Setting interface mode on port 'hls4ml_galapagos_input_bridge_257/input_85_V_V' to 'axis' (register, both mode).
INFO: [RTGEN 206-500] Setting interface mode on port 'hls4ml_galapagos_input_bridge_257/input_86_V_V' to 'axis' (register, both mode).
INFO: [RTGEN 206-500] Setting interface mode on port 'hls4ml_galapagos_input_bridge_257/input_87_V_V' to 'axis' (register, both mode).
INFO: [RTGEN 206-500] Setting interface mode on port 'hls4ml_galapagos_input_bridge_257/input_88_V_V' to 'axis' (register, both mode).
INFO: [RTGEN 206-500] Setting interface mode on port 'hls4ml_galapagos_input_bridge_257/input_89_V_V' to 'axis' (register, both mode).
INFO: [RTGEN 206-500] Setting interface mode on port 'hls4ml_galapagos_input_bridge_257/input_90_V_V' to 'axis' (register, both mode).
INFO: [RTGEN 206-500] Setting interface mode on port 'hls4ml_galapagos_input_bridge_257/input_91_V_V' to 'axis' (register, both mode).
INFO: [RTGEN 206-500] Setting interface mode on port 'hls4ml_galapagos_input_bridge_257/input_92_V_V' to 'axis' (register, both mode).
INFO: [RTGEN 206-500] Setting interface mode on port 'hls4ml_galapagos_input_bridge_257/input_93_V_V' to 'axis' (register, both mode).
INFO: [RTGEN 206-500] Setting interface mode on port 'hls4ml_galapagos_input_bridge_257/input_94_V_V' to 'axis' (register, both mode).
INFO: [RTGEN 206-500] Setting interface mode on port 'hls4ml_galapagos_input_bridge_257/input_95_V_V' to 'axis' (register, both mode).
INFO: [RTGEN 206-500] Setting interface mode on port 'hls4ml_galapagos_input_bridge_257/input_96_V_V' to 'axis' (register, both mode).
INFO: [RTGEN 206-500] Setting interface mode on port 'hls4ml_galapagos_input_bridge_257/input_97_V_V' to 'axis' (register, both mode).
INFO: [RTGEN 206-500] Setting interface mode on port 'hls4ml_galapagos_input_bridge_257/input_98_V_V' to 'axis' (register, both mode).
INFO: [RTGEN 206-500] Setting interface mode on port 'hls4ml_galapagos_input_bridge_257/input_99_V_V' to 'axis' (register, both mode).
INFO: [RTGEN 206-500] Setting interface mode on port 'hls4ml_galapagos_input_bridge_257/input_100_V_V' to 'axis' (register, both mode).
INFO: [RTGEN 206-500] Setting interface mode on port 'hls4ml_galapagos_input_bridge_257/input_101_V_V' to 'axis' (register, both mode).
INFO: [RTGEN 206-500] Setting interface mode on port 'hls4ml_galapagos_input_bridge_257/input_102_V_V' to 'axis' (register, both mode).
INFO: [RTGEN 206-500] Setting interface mode on port 'hls4ml_galapagos_input_bridge_257/input_103_V_V' to 'axis' (register, both mode).
INFO: [RTGEN 206-500] Setting interface mode on port 'hls4ml_galapagos_input_bridge_257/input_104_V_V' to 'axis' (register, both mode).
INFO: [RTGEN 206-500] Setting interface mode on port 'hls4ml_galapagos_input_bridge_257/input_105_V_V' to 'axis' (register, both mode).
INFO: [RTGEN 206-500] Setting interface mode on port 'hls4ml_galapagos_input_bridge_257/input_106_V_V' to 'axis' (register, both mode).
INFO: [RTGEN 206-500] Setting interface mode on port 'hls4ml_galapagos_input_bridge_257/input_107_V_V' to 'axis' (register, both mode).
INFO: [RTGEN 206-500] Setting interface mode on port 'hls4ml_galapagos_input_bridge_257/input_108_V_V' to 'axis' (register, both mode).
INFO: [RTGEN 206-500] Setting interface mode on port 'hls4ml_galapagos_input_bridge_257/input_109_V_V' to 'axis' (register, both mode).
INFO: [RTGEN 206-500] Setting interface mode on port 'hls4ml_galapagos_input_bridge_257/input_110_V_V' to 'axis' (register, both mode).
INFO: [RTGEN 206-500] Setting interface mode on port 'hls4ml_galapagos_input_bridge_257/input_111_V_V' to 'axis' (register, both mode).
INFO: [RTGEN 206-500] Setting interface mode on port 'hls4ml_galapagos_input_bridge_257/input_112_V_V' to 'axis' (register, both mode).
INFO: [RTGEN 206-500] Setting interface mode on port 'hls4ml_galapagos_input_bridge_257/input_113_V_V' to 'axis' (register, both mode).
INFO: [RTGEN 206-500] Setting interface mode on port 'hls4ml_galapagos_input_bridge_257/input_114_V_V' to 'axis' (register, both mode).
INFO: [RTGEN 206-500] Setting interface mode on port 'hls4ml_galapagos_input_bridge_257/input_115_V_V' to 'axis' (register, both mode).
INFO: [RTGEN 206-500] Setting interface mode on port 'hls4ml_galapagos_input_bridge_257/input_116_V_V' to 'axis' (register, both mode).
INFO: [RTGEN 206-500] Setting interface mode on port 'hls4ml_galapagos_input_bridge_257/input_117_V_V' to 'axis' (register, both mode).
INFO: [RTGEN 206-500] Setting interface mode on port 'hls4ml_galapagos_input_bridge_257/input_118_V_V' to 'axis' (register, both mode).
INFO: [RTGEN 206-500] Setting interface mode on port 'hls4ml_galapagos_input_bridge_257/input_119_V_V' to 'axis' (register, both mode).
INFO: [RTGEN 206-500] Setting interface mode on port 'hls4ml_galapagos_input_bridge_257/input_120_V_V' to 'axis' (register, both mode).
INFO: [RTGEN 206-500] Setting interface mode on port 'hls4ml_galapagos_input_bridge_257/input_121_V_V' to 'axis' (register, both mode).
INFO: [RTGEN 206-500] Setting interface mode on port 'hls4ml_galapagos_input_bridge_257/input_122_V_V' to 'axis' (register, both mode).
INFO: [RTGEN 206-500] Setting interface mode on port 'hls4ml_galapagos_input_bridge_257/input_123_V_V' to 'axis' (register, both mode).
INFO: [RTGEN 206-500] Setting interface mode on port 'hls4ml_galapagos_input_bridge_257/input_124_V_V' to 'axis' (register, both mode).
INFO: [RTGEN 206-500] Setting interface mode on port 'hls4ml_galapagos_input_bridge_257/input_125_V_V' to 'axis' (register, both mode).
INFO: [RTGEN 206-500] Setting interface mode on port 'hls4ml_galapagos_input_bridge_257/input_126_V_V' to 'axis' (register, both mode).
INFO: [RTGEN 206-500] Setting interface mode on port 'hls4ml_galapagos_input_bridge_257/input_127_V_V' to 'axis' (register, both mode).
INFO: [RTGEN 206-500] Setting interface mode on port 'hls4ml_galapagos_input_bridge_257/input_128_V_V' to 'axis' (register, both mode).
INFO: [RTGEN 206-500] Setting interface mode on port 'hls4ml_galapagos_input_bridge_257/input_129_V_V' to 'axis' (register, both mode).
INFO: [RTGEN 206-500] Setting interface mode on port 'hls4ml_galapagos_input_bridge_257/input_130_V_V' to 'axis' (register, both mode).
INFO: [RTGEN 206-500] Setting interface mode on port 'hls4ml_galapagos_input_bridge_257/input_131_V_V' to 'axis' (register, both mode).
INFO: [RTGEN 206-500] Setting interface mode on port 'hls4ml_galapagos_input_bridge_257/input_132_V_V' to 'axis' (register, both mode).
INFO: [RTGEN 206-500] Setting interface mode on port 'hls4ml_galapagos_input_bridge_257/input_133_V_V' to 'axis' (register, both mode).
INFO: [RTGEN 206-500] Setting interface mode on port 'hls4ml_galapagos_input_bridge_257/input_134_V_V' to 'axis' (register, both mode).
INFO: [RTGEN 206-500] Setting interface mode on port 'hls4ml_galapagos_input_bridge_257/input_135_V_V' to 'axis' (register, both mode).
INFO: [RTGEN 206-500] Setting interface mode on port 'hls4ml_galapagos_input_bridge_257/input_136_V_V' to 'axis' (register, both mode).
INFO: [RTGEN 206-500] Setting interface mode on port 'hls4ml_galapagos_input_bridge_257/input_137_V_V' to 'axis' (register, both mode).
INFO: [RTGEN 206-500] Setting interface mode on port 'hls4ml_galapagos_input_bridge_257/input_138_V_V' to 'axis' (register, both mode).
INFO: [RTGEN 206-500] Setting interface mode on port 'hls4ml_galapagos_input_bridge_257/input_139_V_V' to 'axis' (register, both mode).
INFO: [RTGEN 206-500] Setting interface mode on port 'hls4ml_galapagos_input_bridge_257/input_140_V_V' to 'axis' (register, both mode).
INFO: [RTGEN 206-500] Setting interface mode on port 'hls4ml_galapagos_input_bridge_257/input_141_V_V' to 'axis' (register, both mode).
INFO: [RTGEN 206-500] Setting interface mode on port 'hls4ml_galapagos_input_bridge_257/input_142_V_V' to 'axis' (register, both mode).
INFO: [RTGEN 206-500] Setting interface mode on port 'hls4ml_galapagos_input_bridge_257/input_143_V_V' to 'axis' (register, both mode).
INFO: [RTGEN 206-500] Setting interface mode on port 'hls4ml_galapagos_input_bridge_257/input_144_V_V' to 'axis' (register, both mode).
INFO: [RTGEN 206-500] Setting interface mode on port 'hls4ml_galapagos_input_bridge_257/input_145_V_V' to 'axis' (register, both mode).
INFO: [RTGEN 206-500] Setting interface mode on port 'hls4ml_galapagos_input_bridge_257/input_146_V_V' to 'axis' (register, both mode).
INFO: [RTGEN 206-500] Setting interface mode on port 'hls4ml_galapagos_input_bridge_257/input_147_V_V' to 'axis' (register, both mode).
INFO: [RTGEN 206-500] Setting interface mode on port 'hls4ml_galapagos_input_bridge_257/input_148_V_V' to 'axis' (register, both mode).
INFO: [RTGEN 206-500] Setting interface mode on port 'hls4ml_galapagos_input_bridge_257/input_149_V_V' to 'axis' (register, both mode).
INFO: [RTGEN 206-500] Setting interface mode on port 'hls4ml_galapagos_input_bridge_257/input_150_V_V' to 'axis' (register, both mode).
INFO: [RTGEN 206-500] Setting interface mode on port 'hls4ml_galapagos_input_bridge_257/input_151_V_V' to 'axis' (register, both mode).
INFO: [RTGEN 206-500] Setting interface mode on port 'hls4ml_galapagos_input_bridge_257/input_152_V_V' to 'axis' (register, both mode).
INFO: [RTGEN 206-500] Setting interface mode on port 'hls4ml_galapagos_input_bridge_257/input_153_V_V' to 'axis' (register, both mode).
INFO: [RTGEN 206-500] Setting interface mode on port 'hls4ml_galapagos_input_bridge_257/input_154_V_V' to 'axis' (register, both mode).
INFO: [RTGEN 206-500] Setting interface mode on port 'hls4ml_galapagos_input_bridge_257/input_155_V_V' to 'axis' (register, both mode).
INFO: [RTGEN 206-500] Setting interface mode on port 'hls4ml_galapagos_input_bridge_257/input_156_V_V' to 'axis' (register, both mode).
INFO: [RTGEN 206-500] Setting interface mode on port 'hls4ml_galapagos_input_bridge_257/input_157_V_V' to 'axis' (register, both mode).
INFO: [RTGEN 206-500] Setting interface mode on port 'hls4ml_galapagos_input_bridge_257/input_158_V_V' to 'axis' (register, both mode).
INFO: [RTGEN 206-500] Setting interface mode on port 'hls4ml_galapagos_input_bridge_257/input_159_V_V' to 'axis' (register, both mode).
INFO: [RTGEN 206-500] Setting interface mode on port 'hls4ml_galapagos_input_bridge_257/input_160_V_V' to 'axis' (register, both mode).
INFO: [RTGEN 206-500] Setting interface mode on port 'hls4ml_galapagos_input_bridge_257/input_161_V_V' to 'axis' (register, both mode).
INFO: [RTGEN 206-500] Setting interface mode on port 'hls4ml_galapagos_input_bridge_257/input_162_V_V' to 'axis' (register, both mode).
INFO: [RTGEN 206-500] Setting interface mode on port 'hls4ml_galapagos_input_bridge_257/input_163_V_V' to 'axis' (register, both mode).
INFO: [RTGEN 206-500] Setting interface mode on port 'hls4ml_galapagos_input_bridge_257/input_164_V_V' to 'axis' (register, both mode).
INFO: [RTGEN 206-500] Setting interface mode on port 'hls4ml_galapagos_input_bridge_257/input_165_V_V' to 'axis' (register, both mode).
INFO: [RTGEN 206-500] Setting interface mode on port 'hls4ml_galapagos_input_bridge_257/input_166_V_V' to 'axis' (register, both mode).
INFO: [RTGEN 206-500] Setting interface mode on port 'hls4ml_galapagos_input_bridge_257/input_167_V_V' to 'axis' (register, both mode).
INFO: [RTGEN 206-500] Setting interface mode on port 'hls4ml_galapagos_input_bridge_257/input_168_V_V' to 'axis' (register, both mode).
INFO: [RTGEN 206-500] Setting interface mode on port 'hls4ml_galapagos_input_bridge_257/input_169_V_V' to 'axis' (register, both mode).
INFO: [RTGEN 206-500] Setting interface mode on port 'hls4ml_galapagos_input_bridge_257/input_170_V_V' to 'axis' (register, both mode).
INFO: [RTGEN 206-500] Setting interface mode on port 'hls4ml_galapagos_input_bridge_257/input_171_V_V' to 'axis' (register, both mode).
INFO: [RTGEN 206-500] Setting interface mode on port 'hls4ml_galapagos_input_bridge_257/input_172_V_V' to 'axis' (register, both mode).
INFO: [RTGEN 206-500] Setting interface mode on port 'hls4ml_galapagos_input_bridge_257/input_173_V_V' to 'axis' (register, both mode).
INFO: [RTGEN 206-500] Setting interface mode on port 'hls4ml_galapagos_input_bridge_257/input_174_V_V' to 'axis' (register, both mode).
INFO: [RTGEN 206-500] Setting interface mode on port 'hls4ml_galapagos_input_bridge_257/input_175_V_V' to 'axis' (register, both mode).
INFO: [RTGEN 206-500] Setting interface mode on port 'hls4ml_galapagos_input_bridge_257/input_176_V_V' to 'axis' (register, both mode).
INFO: [RTGEN 206-500] Setting interface mode on port 'hls4ml_galapagos_input_bridge_257/input_177_V_V' to 'axis' (register, both mode).
INFO: [RTGEN 206-500] Setting interface mode on port 'hls4ml_galapagos_input_bridge_257/input_178_V_V' to 'axis' (register, both mode).
INFO: [RTGEN 206-500] Setting interface mode on port 'hls4ml_galapagos_input_bridge_257/input_179_V_V' to 'axis' (register, both mode).
INFO: [RTGEN 206-500] Setting interface mode on port 'hls4ml_galapagos_input_bridge_257/input_180_V_V' to 'axis' (register, both mode).
INFO: [RTGEN 206-500] Setting interface mode on port 'hls4ml_galapagos_input_bridge_257/input_181_V_V' to 'axis' (register, both mode).
INFO: [RTGEN 206-500] Setting interface mode on port 'hls4ml_galapagos_input_bridge_257/input_182_V_V' to 'axis' (register, both mode).
INFO: [RTGEN 206-500] Setting interface mode on port 'hls4ml_galapagos_input_bridge_257/input_183_V_V' to 'axis' (register, both mode).
INFO: [RTGEN 206-500] Setting interface mode on port 'hls4ml_galapagos_input_bridge_257/input_184_V_V' to 'axis' (register, both mode).
INFO: [RTGEN 206-500] Setting interface mode on port 'hls4ml_galapagos_input_bridge_257/input_185_V_V' to 'axis' (register, both mode).
INFO: [RTGEN 206-500] Setting interface mode on port 'hls4ml_galapagos_input_bridge_257/input_186_V_V' to 'axis' (register, both mode).
INFO: [RTGEN 206-500] Setting interface mode on port 'hls4ml_galapagos_input_bridge_257/input_187_V_V' to 'axis' (register, both mode).
INFO: [RTGEN 206-500] Setting interface mode on port 'hls4ml_galapagos_input_bridge_257/input_188_V_V' to 'axis' (register, both mode).
INFO: [RTGEN 206-500] Setting interface mode on port 'hls4ml_galapagos_input_bridge_257/input_189_V_V' to 'axis' (register, both mode).
INFO: [RTGEN 206-500] Setting interface mode on port 'hls4ml_galapagos_input_bridge_257/input_190_V_V' to 'axis' (register, both mode).
INFO: [RTGEN 206-500] Setting interface mode on port 'hls4ml_galapagos_input_bridge_257/input_191_V_V' to 'axis' (register, both mode).
INFO: [RTGEN 206-500] Setting interface mode on port 'hls4ml_galapagos_input_bridge_257/input_192_V_V' to 'axis' (register, both mode).
INFO: [RTGEN 206-500] Setting interface mode on port 'hls4ml_galapagos_input_bridge_257/input_193_V_V' to 'axis' (register, both mode).
INFO: [RTGEN 206-500] Setting interface mode on port 'hls4ml_galapagos_input_bridge_257/input_194_V_V' to 'axis' (register, both mode).
INFO: [RTGEN 206-500] Setting interface mode on port 'hls4ml_galapagos_input_bridge_257/input_195_V_V' to 'axis' (register, both mode).
INFO: [RTGEN 206-500] Setting interface mode on port 'hls4ml_galapagos_input_bridge_257/input_196_V_V' to 'axis' (register, both mode).
INFO: [RTGEN 206-500] Setting interface mode on port 'hls4ml_galapagos_input_bridge_257/input_197_V_V' to 'axis' (register, both mode).
INFO: [RTGEN 206-500] Setting interface mode on port 'hls4ml_galapagos_input_bridge_257/input_198_V_V' to 'axis' (register, both mode).
INFO: [RTGEN 206-500] Setting interface mode on port 'hls4ml_galapagos_input_bridge_257/input_199_V_V' to 'axis' (register, both mode).
INFO: [RTGEN 206-500] Setting interface mode on port 'hls4ml_galapagos_input_bridge_257/input_200_V_V' to 'axis' (register, both mode).
INFO: [RTGEN 206-500] Setting interface mode on port 'hls4ml_galapagos_input_bridge_257/input_201_V_V' to 'axis' (register, both mode).
INFO: [RTGEN 206-500] Setting interface mode on port 'hls4ml_galapagos_input_bridge_257/input_202_V_V' to 'axis' (register, both mode).
INFO: [RTGEN 206-500] Setting interface mode on port 'hls4ml_galapagos_input_bridge_257/input_203_V_V' to 'axis' (register, both mode).
INFO: [RTGEN 206-500] Setting interface mode on port 'hls4ml_galapagos_input_bridge_257/input_204_V_V' to 'axis' (register, both mode).
INFO: [RTGEN 206-500] Setting interface mode on port 'hls4ml_galapagos_input_bridge_257/input_205_V_V' to 'axis' (register, both mode).
INFO: [RTGEN 206-500] Setting interface mode on port 'hls4ml_galapagos_input_bridge_257/input_206_V_V' to 'axis' (register, both mode).
INFO: [RTGEN 206-500] Setting interface mode on port 'hls4ml_galapagos_input_bridge_257/input_207_V_V' to 'axis' (register, both mode).
INFO: [RTGEN 206-500] Setting interface mode on port 'hls4ml_galapagos_input_bridge_257/input_208_V_V' to 'axis' (register, both mode).
INFO: [RTGEN 206-500] Setting interface mode on port 'hls4ml_galapagos_input_bridge_257/input_209_V_V' to 'axis' (register, both mode).
INFO: [RTGEN 206-500] Setting interface mode on port 'hls4ml_galapagos_input_bridge_257/input_210_V_V' to 'axis' (register, both mode).
INFO: [RTGEN 206-500] Setting interface mode on port 'hls4ml_galapagos_input_bridge_257/input_211_V_V' to 'axis' (register, both mode).
INFO: [RTGEN 206-500] Setting interface mode on port 'hls4ml_galapagos_input_bridge_257/input_212_V_V' to 'axis' (register, both mode).
INFO: [RTGEN 206-500] Setting interface mode on port 'hls4ml_galapagos_input_bridge_257/input_213_V_V' to 'axis' (register, both mode).
INFO: [RTGEN 206-500] Setting interface mode on port 'hls4ml_galapagos_input_bridge_257/input_214_V_V' to 'axis' (register, both mode).
INFO: [RTGEN 206-500] Setting interface mode on port 'hls4ml_galapagos_input_bridge_257/input_215_V_V' to 'axis' (register, both mode).
INFO: [RTGEN 206-500] Setting interface mode on port 'hls4ml_galapagos_input_bridge_257/input_216_V_V' to 'axis' (register, both mode).
INFO: [RTGEN 206-500] Setting interface mode on port 'hls4ml_galapagos_input_bridge_257/input_217_V_V' to 'axis' (register, both mode).
INFO: [RTGEN 206-500] Setting interface mode on port 'hls4ml_galapagos_input_bridge_257/input_218_V_V' to 'axis' (register, both mode).
INFO: [RTGEN 206-500] Setting interface mode on port 'hls4ml_galapagos_input_bridge_257/input_219_V_V' to 'axis' (register, both mode).
INFO: [RTGEN 206-500] Setting interface mode on port 'hls4ml_galapagos_input_bridge_257/input_220_V_V' to 'axis' (register, both mode).
INFO: [RTGEN 206-500] Setting interface mode on port 'hls4ml_galapagos_input_bridge_257/input_221_V_V' to 'axis' (register, both mode).
INFO: [RTGEN 206-500] Setting interface mode on port 'hls4ml_galapagos_input_bridge_257/input_222_V_V' to 'axis' (register, both mode).
INFO: [RTGEN 206-500] Setting interface mode on port 'hls4ml_galapagos_input_bridge_257/input_223_V_V' to 'axis' (register, both mode).
INFO: [RTGEN 206-500] Setting interface mode on port 'hls4ml_galapagos_input_bridge_257/input_224_V_V' to 'axis' (register, both mode).
INFO: [RTGEN 206-500] Setting interface mode on port 'hls4ml_galapagos_input_bridge_257/input_225_V_V' to 'axis' (register, both mode).
INFO: [RTGEN 206-500] Setting interface mode on port 'hls4ml_galapagos_input_bridge_257/input_226_V_V' to 'axis' (register, both mode).
INFO: [RTGEN 206-500] Setting interface mode on port 'hls4ml_galapagos_input_bridge_257/input_227_V_V' to 'axis' (register, both mode).
INFO: [RTGEN 206-500] Setting interface mode on port 'hls4ml_galapagos_input_bridge_257/input_228_V_V' to 'axis' (register, both mode).
INFO: [RTGEN 206-500] Setting interface mode on port 'hls4ml_galapagos_input_bridge_257/input_229_V_V' to 'axis' (register, both mode).
INFO: [RTGEN 206-500] Setting interface mode on port 'hls4ml_galapagos_input_bridge_257/input_230_V_V' to 'axis' (register, both mode).
INFO: [RTGEN 206-500] Setting interface mode on port 'hls4ml_galapagos_input_bridge_257/input_231_V_V' to 'axis' (register, both mode).
INFO: [RTGEN 206-500] Setting interface mode on port 'hls4ml_galapagos_input_bridge_257/input_232_V_V' to 'axis' (register, both mode).
INFO: [RTGEN 206-500] Setting interface mode on port 'hls4ml_galapagos_input_bridge_257/input_233_V_V' to 'axis' (register, both mode).
INFO: [RTGEN 206-500] Setting interface mode on port 'hls4ml_galapagos_input_bridge_257/input_234_V_V' to 'axis' (register, both mode).
INFO: [RTGEN 206-500] Setting interface mode on port 'hls4ml_galapagos_input_bridge_257/input_235_V_V' to 'axis' (register, both mode).
INFO: [RTGEN 206-500] Setting interface mode on port 'hls4ml_galapagos_input_bridge_257/input_236_V_V' to 'axis' (register, both mode).
INFO: [RTGEN 206-500] Setting interface mode on port 'hls4ml_galapagos_input_bridge_257/input_237_V_V' to 'axis' (register, both mode).
INFO: [RTGEN 206-500] Setting interface mode on port 'hls4ml_galapagos_input_bridge_257/input_238_V_V' to 'axis' (register, both mode).
INFO: [RTGEN 206-500] Setting interface mode on port 'hls4ml_galapagos_input_bridge_257/input_239_V_V' to 'axis' (register, both mode).
INFO: [RTGEN 206-500] Setting interface mode on port 'hls4ml_galapagos_input_bridge_257/input_240_V_V' to 'axis' (register, both mode).
INFO: [RTGEN 206-500] Setting interface mode on port 'hls4ml_galapagos_input_bridge_257/input_241_V_V' to 'axis' (register, both mode).
INFO: [RTGEN 206-500] Setting interface mode on port 'hls4ml_galapagos_input_bridge_257/input_242_V_V' to 'axis' (register, both mode).
INFO: [RTGEN 206-500] Setting interface mode on port 'hls4ml_galapagos_input_bridge_257/input_243_V_V' to 'axis' (register, both mode).
INFO: [RTGEN 206-500] Setting interface mode on port 'hls4ml_galapagos_input_bridge_257/input_244_V_V' to 'axis' (register, both mode).
INFO: [RTGEN 206-500] Setting interface mode on port 'hls4ml_galapagos_input_bridge_257/input_245_V_V' to 'axis' (register, both mode).
INFO: [RTGEN 206-500] Setting interface mode on port 'hls4ml_galapagos_input_bridge_257/input_246_V_V' to 'axis' (register, both mode).
INFO: [RTGEN 206-500] Setting interface mode on port 'hls4ml_galapagos_input_bridge_257/input_247_V_V' to 'axis' (register, both mode).
INFO: [RTGEN 206-500] Setting interface mode on port 'hls4ml_galapagos_input_bridge_257/input_248_V_V' to 'axis' (register, both mode).
INFO: [RTGEN 206-500] Setting interface mode on port 'hls4ml_galapagos_input_bridge_257/input_249_V_V' to 'axis' (register, both mode).
INFO: [RTGEN 206-500] Setting interface mode on port 'hls4ml_galapagos_input_bridge_257/input_250_V_V' to 'axis' (register, both mode).
INFO: [RTGEN 206-500] Setting interface mode on port 'hls4ml_galapagos_input_bridge_257/input_251_V_V' to 'axis' (register, both mode).
INFO: [RTGEN 206-500] Setting interface mode on port 'hls4ml_galapagos_input_bridge_257/input_252_V_V' to 'axis' (register, both mode).
INFO: [RTGEN 206-500] Setting interface mode on port 'hls4ml_galapagos_input_bridge_257/input_253_V_V' to 'axis' (register, both mode).
INFO: [RTGEN 206-500] Setting interface mode on port 'hls4ml_galapagos_input_bridge_257/input_254_V_V' to 'axis' (register, both mode).
INFO: [RTGEN 206-500] Setting interface mode on port 'hls4ml_galapagos_input_bridge_257/input_255_V_V' to 'axis' (register, both mode).
INFO: [RTGEN 206-500] Setting interface mode on port 'hls4ml_galapagos_input_bridge_257/input_256_V_V' to 'axis' (register, both mode).
INFO: [RTGEN 206-500] Setting interface mode on function 'hls4ml_galapagos_input_bridge_257' to 'ap_ctrl_none'.
INFO: [RTGEN 206-100] Finished creating RTL model for 'hls4ml_galapagos_input_bridge_257'.
INFO: [HLS 200-111]  Elapsed time: 3.92 seconds; current allocated memory: 233.649 MB.
INFO: [HLS 200-111] Finished generating all RTL models Time (s): cpu = 00:01:01 ; elapsed = 00:01:06 . Memory (MB): peak = 1034.625 ; gain = 336.004 ; free physical = 12442 ; free virtual = 86802
INFO: [VHDL 208-304] Generating VHDL RTL for hls4ml_galapagos_input_bridge_257 with prefix input_257.
INFO: [VLOG 209-307] Generating Verilog RTL for hls4ml_galapagos_input_bridge_257 with prefix input_257.
INFO: [IMPL 213-8] Exporting RTL as a Vivado IP.

****** Vivado v2019.1.3 (64-bit)
  **** SW Build 2644227 on Wed Sep  4 09:44:18 MDT 2019
  **** IP Build 2633630 on Wed Sep  4 12:30:14 MDT 2019
    ** Copyright 1986-2019 Xilinx, Inc. All Rights Reserved.

source run_ippack.tcl -notrace
INFO: [IP_Flow 19-234] Refreshing IP repositories
INFO: [IP_Flow 19-1704] No user IP repositories specified
INFO: [IP_Flow 19-2313] Loaded Vivado IP repository '/opt/Xilinx/Vivado/2019.1/data/ip'.
INFO: [Common 17-206] Exiting Vivado at Fri Jun  5 16:52:10 2020...
INFO: [HLS 200-112] Total elapsed time: 96.57 seconds; peak allocated memory: 233.649 MB.
INFO: [Common 17-206] Exiting vivado_hls at Fri Jun  5 16:52:10 2020...
